2020-07-10 16:47:31,095 [ INFO   ] {'table_name': 'buy-computer-new', 'X': ['å¹´é¾„', 'æ”¶å…¥å±‚æ¬¡', 'æ˜¯å¦å•èº«', 'ä¿¡ç”¨ç­‰çº§', 'æ˜¯å¦è´­ä¹°ç”µè„‘'], 'Y': ['value'], 'rate': '0.3', 'random_state': '2020', 'cv': '10', 'param': {'criterion': 'gini', 'max_depth': '2', 'min_samples_split': '2', 'min_samples_leaf': '1'}}
2020-07-10 16:47:31,095 [ INFO   ] receive request :{'table_name': 'buy-computer-new', 'X': ['å¹´é¾„', 'æ”¶å…¥å±‚æ¬¡', 'æ˜¯å¦å•èº«', 'ä¿¡ç”¨ç­‰çº§', 'æ˜¯å¦è´­ä¹°ç”µè„‘'], 'Y': ['value'], 'rate': '0.3', 'random_state': '2020', 'cv': '10', 'param': {'criterion': 'gini', 'max_depth': '2', 'min_samples_split': '2', 'min_samples_leaf': '1'}}
2020-07-10 16:48:07,102 [ INFO   ] decision_tree_train_init...
2020-07-10 16:48:07,103 [ INFO   ] {'is_train': True, 'table_name': 'buy-computer-new', 'X': ['å¹´é¾„', 'æ”¶å…¥å±‚æ¬¡', 'æ˜¯å¦å•èº«', 'ä¿¡ç”¨ç­‰çº§', 'æ˜¯å¦è´­ä¹°ç”µè„‘'], 'Y': ['value'], 'rate': '0.3', 'random_state': '2020', 'cv': '10', 'param': {'criterion': 'gini', 'max_depth': '2', 'min_samples_split': '2', 'min_samples_leaf': '1'}}
2020-07-10 16:48:07,103 [ INFO   ] receive request :{'is_train': True, 'table_name': 'buy-computer-new', 'X': ['å¹´é¾„', 'æ”¶å…¥å±‚æ¬¡', 'æ˜¯å¦å•èº«', 'ä¿¡ç”¨ç­‰çº§', 'æ˜¯å¦è´­ä¹°ç”µè„‘'], 'Y': ['value'], 'rate': '0.3', 'random_state': '2020', 'cv': '10', 'param': {'criterion': 'gini', 'max_depth': '2', 'min_samples_split': '2', 'min_samples_leaf': '1'}}
2020-07-10 16:48:45,777 [ INFO   ] decision_tree_train_init...
2020-07-10 16:48:45,778 [ INFO   ] {'is_train': True, 'table_name': 'buy-computer-new', 'X': ['å¹´é¾„', 'æ”¶å…¥å±‚æ¬¡', 'æ˜¯å¦å•èº«', 'ä¿¡ç”¨ç­‰çº§'], 'Y': ['æ˜¯å¦è´­ä¹°ç”µè„‘'], 'rate': '0.3', 'random_state': '2020', 'cv': '10', 'param': {'criterion': 'gini', 'max_depth': '2', 'min_samples_split': '2', 'min_samples_leaf': '1'}}
2020-07-10 16:48:45,778 [ INFO   ] receive request :{'is_train': True, 'table_name': 'buy-computer-new', 'X': ['å¹´é¾„', 'æ”¶å…¥å±‚æ¬¡', 'æ˜¯å¦å•èº«', 'ä¿¡ç”¨ç­‰çº§'], 'Y': ['æ˜¯å¦è´­ä¹°ç”µè„‘'], 'rate': '0.3', 'random_state': '2020', 'cv': '10', 'param': {'criterion': 'gini', 'max_depth': '2', 'min_samples_split': '2', 'min_samples_leaf': '1'}}
2020-07-10 16:49:23,439 [ INFO   ] ('Execution failed on sql \'select å¹´é¾„,æ”¶å…¥å±‚æ¬¡,æ˜¯å¦å•èº«,ä¿¡ç”¨ç­‰çº§,æ˜¯å¦è´­ä¹°ç”µè„‘ from buy-computer-new;\': (1064, "You have an error in your SQL syntax; check the manual that corresponds to your MySQL server version for the right syntax to use near \'-computer-new\' at line 1")',)
2020-07-10 16:54:14,871 [ INFO   ] decision_tree_train_init...
2020-07-10 16:54:14,872 [ INFO   ] {'is_train': True, 'table_name': 'buy-computer-new', 'X': ['å¹´é¾„', 'æ”¶å…¥å±‚æ¬¡', 'æ˜¯å¦å•èº«', 'ä¿¡ç”¨ç­‰çº§'], 'Y': ['æ˜¯å¦è´­ä¹°ç”µè„‘'], 'rate': '0.3', 'random_state': '2020', 'cv': '10', 'param': {'criterion': 'gini', 'max_depth': '2', 'min_samples_split': '2', 'min_samples_leaf': '1'}}
2020-07-10 16:54:14,872 [ INFO   ] receive request :{'is_train': True, 'table_name': 'buy-computer-new', 'X': ['å¹´é¾„', 'æ”¶å…¥å±‚æ¬¡', 'æ˜¯å¦å•èº«', 'ä¿¡ç”¨ç­‰çº§'], 'Y': ['æ˜¯å¦è´­ä¹°ç”µè„‘'], 'rate': '0.3', 'random_state': '2020', 'cv': '10', 'param': {'criterion': 'gini', 'max_depth': '2', 'min_samples_split': '2', 'min_samples_leaf': '1'}}
2020-07-10 16:54:17,757 [ INFO   ] 'is_train'
2020-07-10 16:54:17,810 [ INFO   ] 127.0.0.1 - - [10/Jul/2020 16:54:17] "[1m[35mPOST /algorithm/decisionTree/train HTTP/1.1[0m" 500 -
2020-07-10 16:54:17,853 [ INFO   ] 127.0.0.1 - - [10/Jul/2020 16:54:17] "[1m[35mPOST /algorithm/decisionTree/train HTTP/1.1[0m" 500 -
2020-07-10 16:58:57,925 [ INFO   ] decision_tree_train_init...
2020-07-10 16:58:57,926 [ INFO   ] {'is_train': True, 'table_name': 'buy-computer-new', 'X': ['å¹´é¾„', 'æ”¶å…¥å±‚æ¬¡', 'æ˜¯å¦å•èº«', 'ä¿¡ç”¨ç­‰çº§'], 'Y': ['æ˜¯å¦è´­ä¹°ç”µè„‘'], 'rate': '0.3', 'random_state': '2020', 'cv': '10', 'param': {'criterion': 'gini', 'max_depth': '2', 'min_samples_split': '2', 'min_samples_leaf': '1'}}
2020-07-10 16:58:57,926 [ INFO   ] receive request :{'is_train': True, 'table_name': 'buy-computer-new', 'X': ['å¹´é¾„', 'æ”¶å…¥å±‚æ¬¡', 'æ˜¯å¦å•èº«', 'ä¿¡ç”¨ç­‰çº§'], 'Y': ['æ˜¯å¦è´­ä¹°ç”µè„‘'], 'rate': '0.3', 'random_state': '2020', 'cv': '10', 'param': {'criterion': 'gini', 'max_depth': '2', 'min_samples_split': '2', 'min_samples_leaf': '1'}}
2020-07-10 16:59:19,023 [ INFO   ] decision_tree_train_init...
2020-07-10 16:59:19,023 [ INFO   ] {'is_train': True, 'table_name': 'buy-computer-new', 'X': ['å¹´é¾„', 'æ”¶å…¥å±‚æ¬¡', 'æ˜¯å¦å•èº«', 'ä¿¡ç”¨ç­‰çº§'], 'Y': ['æ˜¯å¦è´­ä¹°ç”µè„‘'], 'rate': '0.3', 'random_state': '2020', 'cv': '10', 'param': {'criterion': 'gini', 'max_depth': '2', 'min_samples_split': '2', 'min_samples_leaf': '1'}}
2020-07-10 16:59:19,023 [ INFO   ] receive request :{'is_train': True, 'table_name': 'buy-computer-new', 'X': ['å¹´é¾„', 'æ”¶å…¥å±‚æ¬¡', 'æ˜¯å¦å•èº«', 'ä¿¡ç”¨ç­‰çº§'], 'Y': ['æ˜¯å¦è´­ä¹°ç”µè„‘'], 'rate': '0.3', 'random_state': '2020', 'cv': '10', 'param': {'criterion': 'gini', 'max_depth': '2', 'min_samples_split': '2', 'min_samples_leaf': '1'}}
2020-07-10 16:59:20,471 [ INFO   ] ('Execution failed on sql \'select å¹´é¾„,æ”¶å…¥å±‚æ¬¡,æ˜¯å¦å•èº«,ä¿¡ç”¨ç­‰çº§,æ˜¯å¦è´­ä¹°ç”µè„‘ from buy-computer-new;\': (1064, "You have an error in your SQL syntax; check the manual that corresponds to your MySQL server version for the right syntax to use near \'-computer-new\' at line 1")',)
2020-07-10 16:59:20,523 [ INFO   ] ('Execution failed on sql \'select å¹´é¾„,æ”¶å…¥å±‚æ¬¡,æ˜¯å¦å•èº«,ä¿¡ç”¨ç­‰çº§,æ˜¯å¦è´­ä¹°ç”µè„‘,value from buy-computer-new;\': (1064, "You have an error in your SQL syntax; check the manual that corresponds to your MySQL server version for the right syntax to use near \'-computer-new\' at line 1")',)
2020-07-10 16:59:20,534 [ INFO   ] ('Execution failed on sql \'select å¹´é¾„,æ”¶å…¥å±‚æ¬¡,æ˜¯å¦å•èº«,ä¿¡ç”¨ç­‰çº§,æ˜¯å¦è´­ä¹°ç”µè„‘ from buy-computer-new;\': (1064, "You have an error in your SQL syntax; check the manual that corresponds to your MySQL server version for the right syntax to use near \'-computer-new\' at line 1")',)
2020-07-10 16:59:20,575 [ INFO   ] 127.0.0.1 - - [10/Jul/2020 16:59:20] "[1m[35mPOST /algorithm/decisionTree/train HTTP/1.1[0m" 500 -
2020-07-10 16:59:20,673 [ INFO   ] 127.0.0.1 - - [10/Jul/2020 16:59:20] "[1m[35mPOST /algorithm/decisionTree/train HTTP/1.1[0m" 500 -
2020-07-10 16:59:20,677 [ INFO   ] 127.0.0.1 - - [10/Jul/2020 16:59:20] "[1m[35mPOST /algorithm/decisionTree/train HTTP/1.1[0m" 500 -
2020-07-10 17:03:55,624 [ INFO   ] {'is_train': True, 'table_name': 'buy_computer_new', 'X': ['å¹´é¾„', 'æ”¶å…¥å±‚æ¬¡', 'æ˜¯å¦å•èº«', 'ä¿¡ç”¨ç­‰çº§'], 'Y': ['æ˜¯å¦è´­ä¹°ç”µè„‘'], 'rate': '0.3', 'random_state': '2020', 'cv': '10', 'param': {'criterion': 'gini', 'max_depth': '2', 'min_samples_split': '2', 'min_samples_leaf': '1'}}
2020-07-10 17:03:55,624 [ INFO   ] receive request :{'is_train': True, 'table_name': 'buy_computer_new', 'X': ['å¹´é¾„', 'æ”¶å…¥å±‚æ¬¡', 'æ˜¯å¦å•èº«', 'ä¿¡ç”¨ç­‰çº§'], 'Y': ['æ˜¯å¦è´­ä¹°ç”µè„‘'], 'rate': '0.3', 'random_state': '2020', 'cv': '10', 'param': {'criterion': 'gini', 'max_depth': '2', 'min_samples_split': '2', 'min_samples_leaf': '1'}}
2020-07-10 17:04:06,460 [ INFO   ] è¾“å…¥æ•°æ®å¤§å°:14
2020-07-10 17:05:09,557 [ INFO   ]  * Detected change in '/Users/leiliang/Downloads/yz_project/algorithm_yz/main.py', reloading
2020-07-10 17:05:28,335 [ INFO   ] {'is_train': True, 'table_name': 'buy_computer_new', 'X': ['å¹´é¾„', 'æ”¶å…¥å±‚æ¬¡', 'æ˜¯å¦å•èº«', 'ä¿¡ç”¨ç­‰çº§'], 'Y': ['æ˜¯å¦è´­ä¹°ç”µè„‘'], 'rate': '0.3', 'random_state': '2020', 'cv': '10', 'param': {'criterion': 'gini', 'max_depth': '2', 'min_samples_split': '2', 'min_samples_leaf': '1'}}
2020-07-10 17:05:28,336 [ INFO   ] receive request :{'is_train': True, 'table_name': 'buy_computer_new', 'X': ['å¹´é¾„', 'æ”¶å…¥å±‚æ¬¡', 'æ˜¯å¦å•èº«', 'ä¿¡ç”¨ç­‰çº§'], 'Y': ['æ˜¯å¦è´­ä¹°ç”µè„‘'], 'rate': '0.3', 'random_state': '2020', 'cv': '10', 'param': {'criterion': 'gini', 'max_depth': '2', 'min_samples_split': '2', 'min_samples_leaf': '1'}}
2020-07-10 17:05:30,232 [ INFO   ] è¾“å…¥æ•°æ®å¤§å°:14
2020-07-10 17:06:17,383 [ INFO   ] {'is_train': True, 'table_name': 'buy_computer_new', 'X': ['å¹´é¾„', 'æ”¶å…¥å±‚æ¬¡', 'æ˜¯å¦å•èº«', 'ä¿¡ç”¨ç­‰çº§'], 'Y': ['æ˜¯å¦è´­ä¹°ç”µè„‘'], 'rate': '0.3', 'random_state': '2020', 'cv': '10', 'param': {'criterion': 'gini', 'max_depth': '2', 'min_samples_split': '2', 'min_samples_leaf': '1'}}
2020-07-10 17:06:17,383 [ INFO   ] receive request :{'is_train': True, 'table_name': 'buy_computer_new', 'X': ['å¹´é¾„', 'æ”¶å…¥å±‚æ¬¡', 'æ˜¯å¦å•èº«', 'ä¿¡ç”¨ç­‰çº§'], 'Y': ['æ˜¯å¦è´­ä¹°ç”µè„‘'], 'rate': '0.3', 'random_state': '2020', 'cv': '10', 'param': {'criterion': 'gini', 'max_depth': '2', 'min_samples_split': '2', 'min_samples_leaf': '1'}}
2020-07-10 17:06:21,943 [ INFO   ] è¾“å…¥æ•°æ®å¤§å°:14
2020-07-10 17:06:29,113 [ ERROR  ] 2020.0 cannot be used to seed a numpy.random.RandomState instance
2020-07-10 17:06:59,460 [ INFO   ] {'is_train': True, 'table_name': 'buy_computer_new', 'X': ['å¹´é¾„', 'æ”¶å…¥å±‚æ¬¡', 'æ˜¯å¦å•èº«', 'ä¿¡ç”¨ç­‰çº§'], 'Y': ['æ˜¯å¦è´­ä¹°ç”µè„‘'], 'rate': '0.3', 'random_state': '2020', 'cv': '10', 'param': {'criterion': 'gini', 'max_depth': '2', 'min_samples_split': '2', 'min_samples_leaf': '1'}}
2020-07-10 17:06:59,460 [ INFO   ] receive request :{'is_train': True, 'table_name': 'buy_computer_new', 'X': ['å¹´é¾„', 'æ”¶å…¥å±‚æ¬¡', 'æ˜¯å¦å•èº«', 'ä¿¡ç”¨ç­‰çº§'], 'Y': ['æ˜¯å¦è´­ä¹°ç”µè„‘'], 'rate': '0.3', 'random_state': '2020', 'cv': '10', 'param': {'criterion': 'gini', 'max_depth': '2', 'min_samples_split': '2', 'min_samples_leaf': '1'}}
2020-07-10 17:06:59,703 [ INFO   ] è¾“å…¥æ•°æ®å¤§å°:14
2020-07-10 17:17:40,890 [ INFO   ]  * Detected change in '/Users/leiliang/Downloads/yz_project/algorithm_yz/main.py', reloading
2020-07-10 17:27:30,350 [ INFO   ] {'is_train': True, 'table_name': 'buy_computer_new', 'X': ['å¹´é¾„', 'æ”¶å…¥å±‚æ¬¡', 'æ˜¯å¦å•èº«', 'ä¿¡ç”¨ç­‰çº§'], 'Y': ['æ˜¯å¦è´­ä¹°ç”µè„‘'], 'rate': '0.3', 'random_state': '2020', 'cv': '10', 'param': {'criterion': 'gini', 'max_depth': '2', 'min_samples_split': '2', 'min_samples_leaf': '1'}}
2020-07-10 17:27:30,350 [ INFO   ] receive request :{'is_train': True, 'table_name': 'buy_computer_new', 'X': ['å¹´é¾„', 'æ”¶å…¥å±‚æ¬¡', 'æ˜¯å¦å•èº«', 'ä¿¡ç”¨ç­‰çº§'], 'Y': ['æ˜¯å¦è´­ä¹°ç”µè„‘'], 'rate': '0.3', 'random_state': '2020', 'cv': '10', 'param': {'criterion': 'gini', 'max_depth': '2', 'min_samples_split': '2', 'min_samples_leaf': '1'}}
2020-07-10 17:27:30,684 [ INFO   ] è¾“å…¥æ•°æ®å¤§å°:14
2020-07-10 17:28:54,910 [ INFO   ] {'is_train': True, 'table_name': 'buy_computer_new', 'X': ['å¹´é¾„', 'æ”¶å…¥å±‚æ¬¡', 'æ˜¯å¦å•èº«', 'ä¿¡ç”¨ç­‰çº§'], 'Y': ['æ˜¯å¦è´­ä¹°ç”µè„‘'], 'rate': '0.3', 'random_state': '2020', 'cv': '10', 'param': {'criterion': 'gini', 'max_depth': '2', 'min_samples_split': '2', 'min_samples_leaf': '1'}}
2020-07-10 17:28:54,910 [ INFO   ] receive request :{'is_train': True, 'table_name': 'buy_computer_new', 'X': ['å¹´é¾„', 'æ”¶å…¥å±‚æ¬¡', 'æ˜¯å¦å•èº«', 'ä¿¡ç”¨ç­‰çº§'], 'Y': ['æ˜¯å¦è´­ä¹°ç”µè„‘'], 'rate': '0.3', 'random_state': '2020', 'cv': '10', 'param': {'criterion': 'gini', 'max_depth': '2', 'min_samples_split': '2', 'min_samples_leaf': '1'}}
2020-07-10 17:28:55,218 [ INFO   ] è¾“å…¥æ•°æ®å¤§å°:14
2020-07-10 17:29:16,211 [ ERROR  ] Parameter values for parameter (criterion) need to be a sequence(but not a string) or np.ndarray.
2020-07-10 17:31:19,471 [ INFO   ] {'is_train': True, 'table_name': 'buy_computer_new', 'X': ['å¹´é¾„', 'æ”¶å…¥å±‚æ¬¡', 'æ˜¯å¦å•èº«', 'ä¿¡ç”¨ç­‰çº§'], 'Y': ['æ˜¯å¦è´­ä¹°ç”µè„‘'], 'rate': '0.3', 'random_state': '2020', 'cv': '10', 'param': {'criterion': ['gini'], 'max_depth': ['2'], 'min_samples_split': ['2'], 'min_samples_leaf': ['1']}}
2020-07-10 17:31:19,471 [ INFO   ] receive request :{'is_train': True, 'table_name': 'buy_computer_new', 'X': ['å¹´é¾„', 'æ”¶å…¥å±‚æ¬¡', 'æ˜¯å¦å•èº«', 'ä¿¡ç”¨ç­‰çº§'], 'Y': ['æ˜¯å¦è´­ä¹°ç”µè„‘'], 'rate': '0.3', 'random_state': '2020', 'cv': '10', 'param': {'criterion': ['gini'], 'max_depth': ['2'], 'min_samples_split': ['2'], 'min_samples_leaf': ['1']}}
2020-07-10 17:31:19,838 [ INFO   ] è¾“å…¥æ•°æ®å¤§å°:14
2020-07-10 17:31:26,841 [ ERROR  ] int() argument must be a string, a bytes-like object or a number, not 'list'
2020-07-10 17:31:26,873 [ INFO   ] 127.0.0.1 - - [10/Jul/2020 17:31:26] "[1m[35mPOST /algorithm/decisionTree/train HTTP/1.1[0m" 500 -
2020-07-10 17:32:19,377 [ INFO   ]  * Detected change in '/Users/leiliang/Downloads/yz_project/algorithm_yz/main.py', reloading
2020-07-10 17:37:22,273 [ INFO   ] {'is_train': True, 'table_name': 'buy_computer_new', 'X': ['å¹´é¾„', 'æ”¶å…¥å±‚æ¬¡', 'æ˜¯å¦å•èº«', 'ä¿¡ç”¨ç­‰çº§'], 'Y': ['æ˜¯å¦è´­ä¹°ç”µè„‘'], 'rate': '0.3', 'random_state': '2020', 'cv': '10', 'param': {'criterion': ['gini'], 'max_depth': ['2'], 'min_samples_split': ['2'], 'min_samples_leaf': ['1']}}
2020-07-10 17:37:22,273 [ INFO   ] receive request :{'is_train': True, 'table_name': 'buy_computer_new', 'X': ['å¹´é¾„', 'æ”¶å…¥å±‚æ¬¡', 'æ˜¯å¦å•èº«', 'ä¿¡ç”¨ç­‰çº§'], 'Y': ['æ˜¯å¦è´­ä¹°ç”µè„‘'], 'rate': '0.3', 'random_state': '2020', 'cv': '10', 'param': {'criterion': ['gini'], 'max_depth': ['2'], 'min_samples_split': ['2'], 'min_samples_leaf': ['1']}}
2020-07-10 17:37:22,693 [ INFO   ] è¾“å…¥æ•°æ®å¤§å°:14
2020-07-10 17:37:30,505 [ ERROR  ] Expected cv as an integer, cross-validation object (from sklearn.model_selection) or an iterable. Got 10.0.
2020-07-10 17:38:04,029 [ INFO   ] {'is_train': True, 'table_name': 'buy_computer_new', 'X': ['å¹´é¾„', 'æ”¶å…¥å±‚æ¬¡', 'æ˜¯å¦å•èº«', 'ä¿¡ç”¨ç­‰çº§'], 'Y': ['æ˜¯å¦è´­ä¹°ç”µè„‘'], 'rate': '0.3', 'random_state': '2020', 'cv': '10', 'param': {'criterion': ['gini'], 'max_depth': ['2'], 'min_samples_split': ['2'], 'min_samples_leaf': ['1']}}
2020-07-10 17:38:04,029 [ INFO   ] receive request :{'is_train': True, 'table_name': 'buy_computer_new', 'X': ['å¹´é¾„', 'æ”¶å…¥å±‚æ¬¡', 'æ˜¯å¦å•èº«', 'ä¿¡ç”¨ç­‰çº§'], 'Y': ['æ˜¯å¦è´­ä¹°ç”µè„‘'], 'rate': '0.3', 'random_state': '2020', 'cv': '10', 'param': {'criterion': ['gini'], 'max_depth': ['2'], 'min_samples_split': ['2'], 'min_samples_leaf': ['1']}}
2020-07-10 17:38:04,378 [ INFO   ] è¾“å…¥æ•°æ®å¤§å°:14
2020-07-10 17:38:14,120 [ ERROR  ] Cannot have number of splits n_splits=10 greater than the number of samples: n_samples=9.
2020-07-10 17:38:52,301 [ INFO   ] decision_tree_train_init...
2020-07-10 17:38:52,301 [ INFO   ] {'is_train': True, 'table_name': 'buy_computer_new', 'X': ['å¹´é¾„', 'æ”¶å…¥å±‚æ¬¡', 'æ˜¯å¦å•èº«', 'ä¿¡ç”¨ç­‰çº§'], 'Y': ['æ˜¯å¦è´­ä¹°ç”µè„‘'], 'rate': '0.3', 'random_state': '2020', 'cv': '2', 'param': {'criterion': ['gini'], 'max_depth': ['2'], 'min_samples_split': ['2'], 'min_samples_leaf': ['1']}}
2020-07-10 17:38:52,302 [ INFO   ] receive request :{'is_train': True, 'table_name': 'buy_computer_new', 'X': ['å¹´é¾„', 'æ”¶å…¥å±‚æ¬¡', 'æ˜¯å¦å•èº«', 'ä¿¡ç”¨ç­‰çº§'], 'Y': ['æ˜¯å¦è´­ä¹°ç”µè„‘'], 'rate': '0.3', 'random_state': '2020', 'cv': '2', 'param': {'criterion': ['gini'], 'max_depth': ['2'], 'min_samples_split': ['2'], 'min_samples_leaf': ['1']}}
2020-07-10 17:38:52,362 [ INFO   ] è¾“å…¥æ•°æ®å¤§å°:14
2020-07-10 17:39:26,897 [ ERROR  ] unhashable type: 'dict'
2020-07-10 17:39:48,209 [ INFO   ] decision_tree_train_init...
2020-07-10 17:39:48,210 [ INFO   ] {'is_train': True, 'table_name': 'buy_computer_new', 'X': ['å¹´é¾„', 'æ”¶å…¥å±‚æ¬¡', 'æ˜¯å¦å•èº«', 'ä¿¡ç”¨ç­‰çº§'], 'Y': ['æ˜¯å¦è´­ä¹°ç”µè„‘'], 'rate': '0.3', 'random_state': '2020', 'cv': '2', 'param': {'criterion': ['gini'], 'max_depth': ['2'], 'min_samples_split': ['2'], 'min_samples_leaf': ['1']}}
2020-07-10 17:39:48,210 [ INFO   ] receive request :{'is_train': True, 'table_name': 'buy_computer_new', 'X': ['å¹´é¾„', 'æ”¶å…¥å±‚æ¬¡', 'æ˜¯å¦å•èº«', 'ä¿¡ç”¨ç­‰çº§'], 'Y': ['æ˜¯å¦è´­ä¹°ç”µè„‘'], 'rate': '0.3', 'random_state': '2020', 'cv': '2', 'param': {'criterion': ['gini'], 'max_depth': ['2'], 'min_samples_split': ['2'], 'min_samples_leaf': ['1']}}
2020-07-10 17:39:48,311 [ INFO   ] è¾“å…¥æ•°æ®å¤§å°:14
2020-07-10 17:40:59,335 [ INFO   ] {'is_train': True, 'table_name': 'buy_computer_new', 'X': ['å¹´é¾„', 'æ”¶å…¥å±‚æ¬¡', 'æ˜¯å¦å•èº«', 'ä¿¡ç”¨ç­‰çº§'], 'Y': ['æ˜¯å¦è´­ä¹°ç”µè„‘'], 'rate': '0.3', 'random_state': '2020', 'cv': '2', 'param': {'criterion': ['gini'], 'max_depth': ['2'], 'min_samples_split': ['2'], 'min_samples_leaf': ['1']}}
2020-07-10 17:40:59,335 [ INFO   ] receive request :{'is_train': True, 'table_name': 'buy_computer_new', 'X': ['å¹´é¾„', 'æ”¶å…¥å±‚æ¬¡', 'æ˜¯å¦å•èº«', 'ä¿¡ç”¨ç­‰çº§'], 'Y': ['æ˜¯å¦è´­ä¹°ç”µè„‘'], 'rate': '0.3', 'random_state': '2020', 'cv': '2', 'param': {'criterion': ['gini'], 'max_depth': ['2'], 'min_samples_split': ['2'], 'min_samples_leaf': ['1']}}
2020-07-10 17:40:59,553 [ INFO   ] è¾“å…¥æ•°æ®å¤§å°:14
2020-07-10 17:41:44,925 [ INFO   ]  * Detected change in '/Users/leiliang/Downloads/yz_project/algorithm_yz/main.py', reloading
2020-07-10 17:42:09,645 [ INFO   ] {'is_train': True, 'table_name': 'buy_computer_new', 'X': ['å¹´é¾„', 'æ”¶å…¥å±‚æ¬¡', 'æ˜¯å¦å•èº«', 'ä¿¡ç”¨ç­‰çº§'], 'Y': ['æ˜¯å¦è´­ä¹°ç”µè„‘'], 'rate': '0.3', 'random_state': '2020', 'cv': '2', 'param': {'criterion': ['gini'], 'max_depth': ['2'], 'min_samples_split': ['2'], 'min_samples_leaf': ['1']}}
2020-07-10 17:42:09,645 [ INFO   ] receive request :{'is_train': True, 'table_name': 'buy_computer_new', 'X': ['å¹´é¾„', 'æ”¶å…¥å±‚æ¬¡', 'æ˜¯å¦å•èº«', 'ä¿¡ç”¨ç­‰çº§'], 'Y': ['æ˜¯å¦è´­ä¹°ç”µè„‘'], 'rate': '0.3', 'random_state': '2020', 'cv': '2', 'param': {'criterion': ['gini'], 'max_depth': ['2'], 'min_samples_split': ['2'], 'min_samples_leaf': ['1']}}
2020-07-10 17:42:09,979 [ INFO   ] è¾“å…¥æ•°æ®å¤§å°:14
2020-07-10 17:44:16,202 [ INFO   ]  * Detected change in '/Users/leiliang/Downloads/yz_project/algorithm_yz/main.py', reloading
2020-07-10 17:49:57,828 [ INFO   ] {'is_train': True, 'table_name': 'buy_computer_new', 'X': ['å¹´é¾„', 'æ”¶å…¥å±‚æ¬¡', 'æ˜¯å¦å•èº«', 'ä¿¡ç”¨ç­‰çº§'], 'Y': ['æ˜¯å¦è´­ä¹°ç”µè„‘'], 'rate': '0.3', 'random_state': '2020', 'cv': '2', 'param': {'criterion': ['gini'], 'max_depth': ['2'], 'min_samples_split': ['2'], 'min_samples_leaf': ['1']}}
2020-07-10 17:49:57,829 [ INFO   ] receive request :{'is_train': True, 'table_name': 'buy_computer_new', 'X': ['å¹´é¾„', 'æ”¶å…¥å±‚æ¬¡', 'æ˜¯å¦å•èº«', 'ä¿¡ç”¨ç­‰çº§'], 'Y': ['æ˜¯å¦è´­ä¹°ç”µè„‘'], 'rate': '0.3', 'random_state': '2020', 'cv': '2', 'param': {'criterion': ['gini'], 'max_depth': ['2'], 'min_samples_split': ['2'], 'min_samples_leaf': ['1']}}
2020-07-10 17:49:58,304 [ INFO   ] è¾“å…¥æ•°æ®å¤§å°:14
2020-07-10 17:52:28,410 [ INFO   ] {'is_train': True, 'table_name': 'buy_computer_new', 'X': ['å¹´é¾„', 'æ”¶å…¥å±‚æ¬¡', 'æ˜¯å¦å•èº«', 'ä¿¡ç”¨ç­‰çº§'], 'Y': ['æ˜¯å¦è´­ä¹°ç”µè„‘'], 'rate': '0.3', 'random_state': '2020', 'cv': '2', 'param': {'criterion': ['gini'], 'max_depth': ['2'], 'min_samples_split': ['2'], 'min_samples_leaf': ['1']}}
2020-07-10 17:52:28,410 [ INFO   ] receive request :{'is_train': True, 'table_name': 'buy_computer_new', 'X': ['å¹´é¾„', 'æ”¶å…¥å±‚æ¬¡', 'æ˜¯å¦å•èº«', 'ä¿¡ç”¨ç­‰çº§'], 'Y': ['æ˜¯å¦è´­ä¹°ç”µè„‘'], 'rate': '0.3', 'random_state': '2020', 'cv': '2', 'param': {'criterion': ['gini'], 'max_depth': ['2'], 'min_samples_split': ['2'], 'min_samples_leaf': ['1']}}
2020-07-10 17:52:28,729 [ INFO   ] è¾“å…¥æ•°æ®å¤§å°:14
2020-07-10 17:54:01,574 [ INFO   ] {'is_train': True, 'table_name': 'buy_computer_new', 'X': ['å¹´é¾„', 'æ”¶å…¥å±‚æ¬¡', 'æ˜¯å¦å•èº«', 'ä¿¡ç”¨ç­‰çº§'], 'Y': ['æ˜¯å¦è´­ä¹°ç”µè„‘'], 'rate': '0.3', 'random_state': '2020', 'cv': '2', 'param': {'criterion': ['gini'], 'max_depth': ['2'], 'min_samples_split': ['2'], 'min_samples_leaf': ['1']}}
2020-07-10 17:54:01,575 [ INFO   ] receive request :{'is_train': True, 'table_name': 'buy_computer_new', 'X': ['å¹´é¾„', 'æ”¶å…¥å±‚æ¬¡', 'æ˜¯å¦å•èº«', 'ä¿¡ç”¨ç­‰çº§'], 'Y': ['æ˜¯å¦è´­ä¹°ç”µè„‘'], 'rate': '0.3', 'random_state': '2020', 'cv': '2', 'param': {'criterion': ['gini'], 'max_depth': ['2'], 'min_samples_split': ['2'], 'min_samples_leaf': ['1']}}
2020-07-10 17:54:01,861 [ INFO   ] è¾“å…¥æ•°æ®å¤§å°:14
2020-07-10 17:54:01,864 [ ERROR  ] 'æ˜¯å¦è´­ä¹°ç”µè„‘'
2020-07-10 17:54:02,302 [ INFO   ] 127.0.0.1 - - [10/Jul/2020 17:54:02] "[1m[35mPOST /algorithm/decisionTree/train HTTP/1.1[0m" 500 -
2020-07-10 17:54:16,533 [ INFO   ] {'is_train': True, 'table_name': 'buy_computer_new', 'X': ['å¹´é¾„', 'æ”¶å…¥å±‚æ¬¡', 'æ˜¯å¦å•èº«', 'ä¿¡ç”¨ç­‰çº§'], 'Y': ['æ˜¯å¦è´­ä¹°ç”µè„‘'], 'rate': '0.3', 'random_state': '2020', 'cv': '2', 'param': {'criterion': ['gini'], 'max_depth': ['2'], 'min_samples_split': ['2'], 'min_samples_leaf': ['1']}}
2020-07-10 17:54:16,534 [ INFO   ] receive request :{'is_train': True, 'table_name': 'buy_computer_new', 'X': ['å¹´é¾„', 'æ”¶å…¥å±‚æ¬¡', 'æ˜¯å¦å•èº«', 'ä¿¡ç”¨ç­‰çº§'], 'Y': ['æ˜¯å¦è´­ä¹°ç”µè„‘'], 'rate': '0.3', 'random_state': '2020', 'cv': '2', 'param': {'criterion': ['gini'], 'max_depth': ['2'], 'min_samples_split': ['2'], 'min_samples_leaf': ['1']}}
2020-07-10 17:54:16,805 [ INFO   ] è¾“å…¥æ•°æ®å¤§å°:14
2020-07-10 17:54:16,808 [ ERROR  ] 'æ˜¯å¦è´­ä¹°ç”µè„‘'
2020-07-10 17:54:17,312 [ INFO   ] 127.0.0.1 - - [10/Jul/2020 17:54:17] "[1m[35mPOST /algorithm/decisionTree/train HTTP/1.1[0m" 500 -
2020-07-10 17:54:46,201 [ INFO   ] {'is_train': True, 'table_name': 'buy_computer_new', 'X': ['å¹´é¾„', 'æ”¶å…¥å±‚æ¬¡', 'æ˜¯å¦å•èº«', 'ä¿¡ç”¨ç­‰çº§'], 'Y': ['æ˜¯å¦è´­ä¹°ç”µè„‘'], 'rate': '0.3', 'random_state': '2020', 'cv': '2', 'param': {'criterion': ['gini'], 'max_depth': ['2'], 'min_samples_split': ['2'], 'min_samples_leaf': ['1']}}
2020-07-10 17:54:46,201 [ INFO   ] receive request :{'is_train': True, 'table_name': 'buy_computer_new', 'X': ['å¹´é¾„', 'æ”¶å…¥å±‚æ¬¡', 'æ˜¯å¦å•èº«', 'ä¿¡ç”¨ç­‰çº§'], 'Y': ['æ˜¯å¦è´­ä¹°ç”µè„‘'], 'rate': '0.3', 'random_state': '2020', 'cv': '2', 'param': {'criterion': ['gini'], 'max_depth': ['2'], 'min_samples_split': ['2'], 'min_samples_leaf': ['1']}}
2020-07-10 17:54:46,619 [ INFO   ] è¾“å…¥æ•°æ®å¤§å°:14
2020-07-10 17:55:45,481 [ ERROR  ] pos_label=1 is not a valid label: array(['0', '1'], dtype='<U1')
2020-07-10 17:55:59,864 [ INFO   ] decision_tree_train_init...
2020-07-10 17:55:59,865 [ INFO   ] {'is_train': True, 'table_name': 'buy_computer_new', 'X': ['å¹´é¾„', 'æ”¶å…¥å±‚æ¬¡', 'æ˜¯å¦å•èº«', 'ä¿¡ç”¨ç­‰çº§'], 'Y': ['æ˜¯å¦è´­ä¹°ç”µè„‘'], 'rate': '0.3', 'random_state': '2020', 'cv': '2', 'param': {'criterion': ['gini'], 'max_depth': ['2'], 'min_samples_split': ['2'], 'min_samples_leaf': ['1']}}
2020-07-10 17:55:59,865 [ INFO   ] receive request :{'is_train': True, 'table_name': 'buy_computer_new', 'X': ['å¹´é¾„', 'æ”¶å…¥å±‚æ¬¡', 'æ˜¯å¦å•èº«', 'ä¿¡ç”¨ç­‰çº§'], 'Y': ['æ˜¯å¦è´­ä¹°ç”µè„‘'], 'rate': '0.3', 'random_state': '2020', 'cv': '2', 'param': {'criterion': ['gini'], 'max_depth': ['2'], 'min_samples_split': ['2'], 'min_samples_leaf': ['1']}}
2020-07-10 17:55:59,959 [ INFO   ] è¾“å…¥æ•°æ®å¤§å°:14
2020-07-10 17:56:01,645 [ INFO   ] 127.0.0.1 - - [10/Jul/2020 17:56:01] "[1m[35mPOST /algorithm/decisionTree/train HTTP/1.1[0m" 500 -
2020-07-10 17:56:58,557 [ INFO   ]  * Detected change in '/Users/leiliang/Downloads/yz_project/algorithm_yz/main.py', reloading
2020-07-10 17:57:01,052 [ INFO   ] {'is_train': True, 'table_name': 'buy_computer_new', 'X': ['å¹´é¾„', 'æ”¶å…¥å±‚æ¬¡', 'æ˜¯å¦å•èº«', 'ä¿¡ç”¨ç­‰çº§'], 'Y': ['æ˜¯å¦è´­ä¹°ç”µè„‘'], 'rate': '0.3', 'random_state': '2020', 'cv': '2', 'param': {'criterion': ['gini'], 'max_depth': ['2'], 'min_samples_split': ['2'], 'min_samples_leaf': ['1']}}
2020-07-10 17:57:01,052 [ INFO   ] receive request :{'is_train': True, 'table_name': 'buy_computer_new', 'X': ['å¹´é¾„', 'æ”¶å…¥å±‚æ¬¡', 'æ˜¯å¦å•èº«', 'ä¿¡ç”¨ç­‰çº§'], 'Y': ['æ˜¯å¦è´­ä¹°ç”µè„‘'], 'rate': '0.3', 'random_state': '2020', 'cv': '2', 'param': {'criterion': ['gini'], 'max_depth': ['2'], 'min_samples_split': ['2'], 'min_samples_leaf': ['1']}}
2020-07-10 17:57:01,267 [ INFO   ] è¾“å…¥æ•°æ®å¤§å°:14
2020-07-10 17:57:38,979 [ INFO   ]  * Detected change in '/Users/leiliang/Downloads/yz_project/algorithm_yz/main.py', reloading
2020-07-10 17:59:01,297 [ INFO   ] {'is_train': True, 'table_name': 'buy_computer_new', 'X': ['å¹´é¾„', 'æ”¶å…¥å±‚æ¬¡', 'æ˜¯å¦å•èº«', 'ä¿¡ç”¨ç­‰çº§'], 'Y': ['æ˜¯å¦è´­ä¹°ç”µè„‘'], 'rate': '0.3', 'random_state': '2020', 'cv': '2', 'param': {'criterion': ['gini'], 'max_depth': ['2'], 'min_samples_split': ['2'], 'min_samples_leaf': ['1']}}
2020-07-10 17:59:01,297 [ INFO   ] receive request :{'is_train': True, 'table_name': 'buy_computer_new', 'X': ['å¹´é¾„', 'æ”¶å…¥å±‚æ¬¡', 'æ˜¯å¦å•èº«', 'ä¿¡ç”¨ç­‰çº§'], 'Y': ['æ˜¯å¦è´­ä¹°ç”µè„‘'], 'rate': '0.3', 'random_state': '2020', 'cv': '2', 'param': {'criterion': ['gini'], 'max_depth': ['2'], 'min_samples_split': ['2'], 'min_samples_leaf': ['1']}}
2020-07-10 17:59:01,832 [ INFO   ] è¾“å…¥æ•°æ®å¤§å°:14
2020-07-10 18:13:05,887 [ INFO   ]  * Detected change in '/Users/leiliang/Downloads/yz_project/algorithm_yz/main.py', reloading
2020-07-10 18:19:06,992 [ INFO   ] {'is_train': True, 'table_name': 'buy_computer_new', 'X': ['å¹´é¾„', 'æ”¶å…¥å±‚æ¬¡', 'æ˜¯å¦å•èº«', 'ä¿¡ç”¨ç­‰çº§'], 'Y': ['æ˜¯å¦è´­ä¹°ç”µè„‘'], 'rate': '0.3', 'random_state': '2020', 'cv': '2', 'param': {'criterion': ['gini'], 'max_depth': ['2'], 'min_samples_split': ['2'], 'min_samples_leaf': ['1']}}
2020-07-10 18:19:06,993 [ INFO   ] receive request :{'is_train': True, 'table_name': 'buy_computer_new', 'X': ['å¹´é¾„', 'æ”¶å…¥å±‚æ¬¡', 'æ˜¯å¦å•èº«', 'ä¿¡ç”¨ç­‰çº§'], 'Y': ['æ˜¯å¦è´­ä¹°ç”µè„‘'], 'rate': '0.3', 'random_state': '2020', 'cv': '2', 'param': {'criterion': ['gini'], 'max_depth': ['2'], 'min_samples_split': ['2'], 'min_samples_leaf': ['1']}}
2020-07-10 18:19:07,510 [ INFO   ] è¾“å…¥æ•°æ®å¤§å°:14
2020-07-10 18:24:54,724 [ INFO   ] {'is_train': True, 'table_name': 'buy_computer_new', 'X': ['å¹´é¾„', 'æ”¶å…¥å±‚æ¬¡', 'æ˜¯å¦å•èº«', 'ä¿¡ç”¨ç­‰çº§'], 'Y': ['æ˜¯å¦è´­ä¹°ç”µè„‘'], 'rate': '0.3', 'random_state': '2020', 'cv': '2', 'param': {'criterion': ['gini'], 'max_depth': ['2'], 'min_samples_split': ['2'], 'min_samples_leaf': ['1']}}
2020-07-10 18:24:54,724 [ INFO   ] receive request :{'is_train': True, 'table_name': 'buy_computer_new', 'X': ['å¹´é¾„', 'æ”¶å…¥å±‚æ¬¡', 'æ˜¯å¦å•èº«', 'ä¿¡ç”¨ç­‰çº§'], 'Y': ['æ˜¯å¦è´­ä¹°ç”µè„‘'], 'rate': '0.3', 'random_state': '2020', 'cv': '2', 'param': {'criterion': ['gini'], 'max_depth': ['2'], 'min_samples_split': ['2'], 'min_samples_leaf': ['1']}}
2020-07-10 18:24:55,057 [ INFO   ] è¾“å…¥æ•°æ®å¤§å°:14
2020-07-10 18:26:13,086 [ INFO   ] {'is_train': True, 'table_name': 'buy_computer_new', 'X': ['å¹´é¾„', 'æ”¶å…¥å±‚æ¬¡', 'æ˜¯å¦å•èº«', 'ä¿¡ç”¨ç­‰çº§'], 'Y': ['æ˜¯å¦è´­ä¹°ç”µè„‘'], 'rate': '0.3', 'random_state': '2020', 'cv': '2', 'param': {'criterion': ['gini'], 'max_depth': ['2'], 'min_samples_split': ['2'], 'min_samples_leaf': ['1']}}
2020-07-10 18:26:13,086 [ INFO   ] receive request :{'is_train': True, 'table_name': 'buy_computer_new', 'X': ['å¹´é¾„', 'æ”¶å…¥å±‚æ¬¡', 'æ˜¯å¦å•èº«', 'ä¿¡ç”¨ç­‰çº§'], 'Y': ['æ˜¯å¦è´­ä¹°ç”µè„‘'], 'rate': '0.3', 'random_state': '2020', 'cv': '2', 'param': {'criterion': ['gini'], 'max_depth': ['2'], 'min_samples_split': ['2'], 'min_samples_leaf': ['1']}}
2020-07-10 18:26:13,481 [ INFO   ] è¾“å…¥æ•°æ®å¤§å°:14
2020-07-13 06:39:04,661 [ INFO   ] {'is_train': True, 'table_name': 'buy_computer_new', 'X': ['å¹´é¾„', 'æ”¶å…¥å±‚æ¬¡', 'æ˜¯å¦å•èº«', 'ä¿¡ç”¨ç­‰çº§'], 'Y': ['æ˜¯å¦è´­ä¹°ç”µè„‘'], 'rate': '0.3', 'random_state': '2020', 'cv': '2', 'param': {'criterion': ['gini'], 'max_depth': ['2'], 'min_samples_split': ['2'], 'min_samples_leaf': ['1']}}
2020-07-13 06:39:04,662 [ INFO   ] receive request :{'is_train': True, 'table_name': 'buy_computer_new', 'X': ['å¹´é¾„', 'æ”¶å…¥å±‚æ¬¡', 'æ˜¯å¦å•èº«', 'ä¿¡ç”¨ç­‰çº§'], 'Y': ['æ˜¯å¦è´­ä¹°ç”µè„‘'], 'rate': '0.3', 'random_state': '2020', 'cv': '2', 'param': {'criterion': ['gini'], 'max_depth': ['2'], 'min_samples_split': ['2'], 'min_samples_leaf': ['1']}}
2020-07-13 06:39:05,008 [ INFO   ] è¾“å…¥æ•°æ®å¤§å°:14
2020-07-13 07:02:12,474 [ INFO   ]  * Detected change in '/Users/leiliang/Downloads/yz_project/algorithm_yz/main.py', reloading
2020-07-13 09:24:04,637 [ INFO   ] {'is_train': True, 'table_name': 'buy_computer_new', 'X': ['å¹´é¾„', 'æ”¶å…¥å±‚æ¬¡', 'æ˜¯å¦å•èº«', 'ä¿¡ç”¨ç­‰çº§'], 'Y': ['æ˜¯å¦è´­ä¹°ç”µè„‘'], 'rate': '0.3', 'random_state': '2020', 'cv': '2', 'param': {'criterion': ['gini'], 'max_depth': ['2'], 'min_samples_split': ['2'], 'min_samples_leaf': ['1']}}
2020-07-13 09:24:04,638 [ INFO   ] receive request :{'is_train': True, 'table_name': 'buy_computer_new', 'X': ['å¹´é¾„', 'æ”¶å…¥å±‚æ¬¡', 'æ˜¯å¦å•èº«', 'ä¿¡ç”¨ç­‰çº§'], 'Y': ['æ˜¯å¦è´­ä¹°ç”µè„‘'], 'rate': '0.3', 'random_state': '2020', 'cv': '2', 'param': {'criterion': ['gini'], 'max_depth': ['2'], 'min_samples_split': ['2'], 'min_samples_leaf': ['1']}}
2020-07-13 09:24:04,954 [ INFO   ] è¾“å…¥æ•°æ®å¤§å°:14
2020-07-13 09:24:04,968 [ ERROR  ] [Errno 2] No such file or directory: './model/DecisionTreeClassifier/20-07-13-09-24-04.pkl'
2020-07-13 09:24:04,984 [ INFO   ] 127.0.0.1 - - [13/Jul/2020 09:24:04] "[1m[35mPOST /algorithm/decisionTree/train HTTP/1.1[0m" 500 -
2020-07-13 09:24:32,794 [ INFO   ] decision_tree_train_init...
2020-07-13 09:24:32,794 [ INFO   ] {'is_train': True, 'table_name': 'buy_computer_new', 'X': ['å¹´é¾„', 'æ”¶å…¥å±‚æ¬¡', 'æ˜¯å¦å•èº«', 'ä¿¡ç”¨ç­‰çº§'], 'Y': ['æ˜¯å¦è´­ä¹°ç”µè„‘'], 'rate': '0.3', 'random_state': '2020', 'cv': '2', 'param': {'criterion': ['gini'], 'max_depth': ['2'], 'min_samples_split': ['2'], 'min_samples_leaf': ['1']}}
2020-07-13 09:24:32,794 [ INFO   ] receive request :{'is_train': True, 'table_name': 'buy_computer_new', 'X': ['å¹´é¾„', 'æ”¶å…¥å±‚æ¬¡', 'æ˜¯å¦å•èº«', 'ä¿¡ç”¨ç­‰çº§'], 'Y': ['æ˜¯å¦è´­ä¹°ç”µè„‘'], 'rate': '0.3', 'random_state': '2020', 'cv': '2', 'param': {'criterion': ['gini'], 'max_depth': ['2'], 'min_samples_split': ['2'], 'min_samples_leaf': ['1']}}
2020-07-13 09:24:37,007 [ INFO   ] è¾“å…¥æ•°æ®å¤§å°:14
2020-07-13 09:25:12,395 [ INFO   ] {'is_train': True, 'table_name': 'buy_computer_new', 'X': ['å¹´é¾„', 'æ”¶å…¥å±‚æ¬¡', 'æ˜¯å¦å•èº«', 'ä¿¡ç”¨ç­‰çº§'], 'Y': ['æ˜¯å¦è´­ä¹°ç”µè„‘'], 'rate': '0.3', 'random_state': '2020', 'cv': '2', 'param': {'criterion': ['gini'], 'max_depth': ['2'], 'min_samples_split': ['2'], 'min_samples_leaf': ['1']}}
2020-07-13 09:25:12,395 [ INFO   ] receive request :{'is_train': True, 'table_name': 'buy_computer_new', 'X': ['å¹´é¾„', 'æ”¶å…¥å±‚æ¬¡', 'æ˜¯å¦å•èº«', 'ä¿¡ç”¨ç­‰çº§'], 'Y': ['æ˜¯å¦è´­ä¹°ç”µè„‘'], 'rate': '0.3', 'random_state': '2020', 'cv': '2', 'param': {'criterion': ['gini'], 'max_depth': ['2'], 'min_samples_split': ['2'], 'min_samples_leaf': ['1']}}
2020-07-13 09:25:12,676 [ INFO   ] è¾“å…¥æ•°æ®å¤§å°:14
2020-07-13 09:25:41,857 [ INFO   ] {'is_train': True, 'table_name': 'buy_computer_new', 'X': ['å¹´é¾„', 'æ”¶å…¥å±‚æ¬¡', 'æ˜¯å¦å•èº«', 'ä¿¡ç”¨ç­‰çº§'], 'Y': ['æ˜¯å¦è´­ä¹°ç”µè„‘'], 'rate': '0.3', 'random_state': '2020', 'cv': '2', 'param': {'criterion': ['gini'], 'max_depth': ['2'], 'min_samples_split': ['2'], 'min_samples_leaf': ['1']}}
2020-07-13 09:25:41,857 [ INFO   ] receive request :{'is_train': True, 'table_name': 'buy_computer_new', 'X': ['å¹´é¾„', 'æ”¶å…¥å±‚æ¬¡', 'æ˜¯å¦å•èº«', 'ä¿¡ç”¨ç­‰çº§'], 'Y': ['æ˜¯å¦è´­ä¹°ç”µè„‘'], 'rate': '0.3', 'random_state': '2020', 'cv': '2', 'param': {'criterion': ['gini'], 'max_depth': ['2'], 'min_samples_split': ['2'], 'min_samples_leaf': ['1']}}
2020-07-13 09:25:42,415 [ INFO   ] è¾“å…¥æ•°æ®å¤§å°:14
2020-07-13 09:46:00,739 [ INFO   ] {'is_train': True, 'table_name': 'buy_computer_new', 'X': ['å¹´é¾„', 'æ”¶å…¥å±‚æ¬¡', 'æ˜¯å¦å•èº«', 'ä¿¡ç”¨ç­‰çº§'], 'Y': ['æ˜¯å¦è´­ä¹°ç”µè„‘'], 'rate': '0.3', 'random_state': '2020', 'cv': '2', 'param': {'criterion': ['gini'], 'max_depth': ['2'], 'min_samples_split': ['2'], 'min_samples_leaf': ['1']}}
2020-07-13 09:46:00,739 [ INFO   ] receive request :{'is_train': True, 'table_name': 'buy_computer_new', 'X': ['å¹´é¾„', 'æ”¶å…¥å±‚æ¬¡', 'æ˜¯å¦å•èº«', 'ä¿¡ç”¨ç­‰çº§'], 'Y': ['æ˜¯å¦è´­ä¹°ç”µè„‘'], 'rate': '0.3', 'random_state': '2020', 'cv': '2', 'param': {'criterion': ['gini'], 'max_depth': ['2'], 'min_samples_split': ['2'], 'min_samples_leaf': ['1']}}
2020-07-13 09:46:01,046 [ INFO   ] è¾“å…¥æ•°æ®å¤§å°:14
2020-07-13 09:58:04,071 [ INFO   ] {'is_train': True, 'table_name': 'buy_computer_new', 'X': ['å¹´é¾„', 'æ”¶å…¥å±‚æ¬¡', 'æ˜¯å¦å•èº«', 'ä¿¡ç”¨ç­‰çº§'], 'Y': ['æ˜¯å¦è´­ä¹°ç”µè„‘'], 'rate': '0.3', 'random_state': '2020', 'cv': '2', 'param': {'criterion': ['gini'], 'max_depth': ['2'], 'min_samples_split': ['2'], 'min_samples_leaf': ['1']}}
2020-07-13 09:58:04,072 [ INFO   ] receive request :{'is_train': True, 'table_name': 'buy_computer_new', 'X': ['å¹´é¾„', 'æ”¶å…¥å±‚æ¬¡', 'æ˜¯å¦å•èº«', 'ä¿¡ç”¨ç­‰çº§'], 'Y': ['æ˜¯å¦è´­ä¹°ç”µè„‘'], 'rate': '0.3', 'random_state': '2020', 'cv': '2', 'param': {'criterion': ['gini'], 'max_depth': ['2'], 'min_samples_split': ['2'], 'min_samples_leaf': ['1']}}
2020-07-13 09:58:04,386 [ INFO   ] è¾“å…¥æ•°æ®å¤§å°:14
2020-07-13 09:58:51,918 [ ERROR  ] too many indices for array
2020-07-13 09:58:51,943 [ INFO   ] 127.0.0.1 - - [13/Jul/2020 09:58:51] "[1m[35mPOST /algorithm/decisionTree/train HTTP/1.1[0m" 500 -
2020-07-13 09:59:03,359 [ INFO   ] decision_tree_train_init...
2020-07-13 09:59:03,359 [ INFO   ] {'is_train': True, 'table_name': 'buy_computer_new', 'X': ['å¹´é¾„', 'æ”¶å…¥å±‚æ¬¡', 'æ˜¯å¦å•èº«', 'ä¿¡ç”¨ç­‰çº§'], 'Y': ['æ˜¯å¦è´­ä¹°ç”µè„‘'], 'rate': '0.3', 'random_state': '2020', 'cv': '2', 'param': {'criterion': ['gini'], 'max_depth': ['2'], 'min_samples_split': ['2'], 'min_samples_leaf': ['1']}}
2020-07-13 09:59:03,360 [ INFO   ] receive request :{'is_train': True, 'table_name': 'buy_computer_new', 'X': ['å¹´é¾„', 'æ”¶å…¥å±‚æ¬¡', 'æ˜¯å¦å•èº«', 'ä¿¡ç”¨ç­‰çº§'], 'Y': ['æ˜¯å¦è´­ä¹°ç”µè„‘'], 'rate': '0.3', 'random_state': '2020', 'cv': '2', 'param': {'criterion': ['gini'], 'max_depth': ['2'], 'min_samples_split': ['2'], 'min_samples_leaf': ['1']}}
2020-07-13 09:59:03,426 [ INFO   ] è¾“å…¥æ•°æ®å¤§å°:14
2020-07-13 10:00:11,383 [ INFO   ] {'is_train': True, 'table_name': 'buy_computer_new', 'X': ['å¹´é¾„', 'æ”¶å…¥å±‚æ¬¡', 'æ˜¯å¦å•èº«', 'ä¿¡ç”¨ç­‰çº§'], 'Y': ['æ˜¯å¦è´­ä¹°ç”µè„‘'], 'rate': '0.3', 'random_state': '2020', 'cv': '2', 'param': {'criterion': ['gini'], 'max_depth': ['2'], 'min_samples_split': ['2'], 'min_samples_leaf': ['1']}}
2020-07-13 10:00:11,384 [ INFO   ] receive request :{'is_train': True, 'table_name': 'buy_computer_new', 'X': ['å¹´é¾„', 'æ”¶å…¥å±‚æ¬¡', 'æ˜¯å¦å•èº«', 'ä¿¡ç”¨ç­‰çº§'], 'Y': ['æ˜¯å¦è´­ä¹°ç”µè„‘'], 'rate': '0.3', 'random_state': '2020', 'cv': '2', 'param': {'criterion': ['gini'], 'max_depth': ['2'], 'min_samples_split': ['2'], 'min_samples_leaf': ['1']}}
2020-07-13 10:00:11,639 [ INFO   ] è¾“å…¥æ•°æ®å¤§å°:14
2020-07-13 10:00:29,749 [ ERROR  ] 'numpy.ndarray' object has no attribute 'columns'
2020-07-13 10:00:29,775 [ INFO   ] 127.0.0.1 - - [13/Jul/2020 10:00:29] "[1m[35mPOST /algorithm/decisionTree/train HTTP/1.1[0m" 500 -
2020-07-13 10:01:04,420 [ INFO   ] decision_tree_train_init...
2020-07-13 10:01:04,420 [ INFO   ] {'is_train': True, 'table_name': 'buy_computer_new', 'X': ['å¹´é¾„', 'æ”¶å…¥å±‚æ¬¡', 'æ˜¯å¦å•èº«', 'ä¿¡ç”¨ç­‰çº§'], 'Y': ['æ˜¯å¦è´­ä¹°ç”µè„‘'], 'rate': '0.3', 'random_state': '2020', 'cv': '2', 'param': {'criterion': ['gini'], 'max_depth': ['2'], 'min_samples_split': ['2'], 'min_samples_leaf': ['1']}}
2020-07-13 10:01:04,421 [ INFO   ] receive request :{'is_train': True, 'table_name': 'buy_computer_new', 'X': ['å¹´é¾„', 'æ”¶å…¥å±‚æ¬¡', 'æ˜¯å¦å•èº«', 'ä¿¡ç”¨ç­‰çº§'], 'Y': ['æ˜¯å¦è´­ä¹°ç”µè„‘'], 'rate': '0.3', 'random_state': '2020', 'cv': '2', 'param': {'criterion': ['gini'], 'max_depth': ['2'], 'min_samples_split': ['2'], 'min_samples_leaf': ['1']}}
2020-07-13 10:01:04,495 [ INFO   ] è¾“å…¥æ•°æ®å¤§å°:14
2020-07-13 10:01:04,525 [ ERROR  ] 'numpy.ndarray' object has no attribute 'columns'
2020-07-13 10:01:04,538 [ INFO   ] 127.0.0.1 - - [13/Jul/2020 10:01:04] "[1m[35mPOST /algorithm/decisionTree/train HTTP/1.1[0m" 500 -
2020-07-13 10:01:23,102 [ INFO   ] decision_tree_train_init...
2020-07-13 10:01:23,103 [ INFO   ] {'is_train': True, 'table_name': 'buy_computer_new', 'X': ['å¹´é¾„', 'æ”¶å…¥å±‚æ¬¡', 'æ˜¯å¦å•èº«', 'ä¿¡ç”¨ç­‰çº§'], 'Y': ['æ˜¯å¦è´­ä¹°ç”µè„‘'], 'rate': '0.3', 'random_state': '2020', 'cv': '2', 'param': {'criterion': ['gini'], 'max_depth': ['2'], 'min_samples_split': ['2'], 'min_samples_leaf': ['1']}}
2020-07-13 10:01:23,103 [ INFO   ] receive request :{'is_train': True, 'table_name': 'buy_computer_new', 'X': ['å¹´é¾„', 'æ”¶å…¥å±‚æ¬¡', 'æ˜¯å¦å•èº«', 'ä¿¡ç”¨ç­‰çº§'], 'Y': ['æ˜¯å¦è´­ä¹°ç”µè„‘'], 'rate': '0.3', 'random_state': '2020', 'cv': '2', 'param': {'criterion': ['gini'], 'max_depth': ['2'], 'min_samples_split': ['2'], 'min_samples_leaf': ['1']}}
2020-07-13 10:01:23,166 [ INFO   ] è¾“å…¥æ•°æ®å¤§å°:14
2020-07-13 10:02:43,358 [ INFO   ] {'is_train': True, 'table_name': 'buy_computer_new', 'X': ['å¹´é¾„', 'æ”¶å…¥å±‚æ¬¡', 'æ˜¯å¦å•èº«', 'ä¿¡ç”¨ç­‰çº§'], 'Y': ['æ˜¯å¦è´­ä¹°ç”µè„‘'], 'rate': '0.3', 'random_state': '2020', 'cv': '2', 'param': {'criterion': ['gini'], 'max_depth': ['2'], 'min_samples_split': ['2'], 'min_samples_leaf': ['1']}}
2020-07-13 10:02:43,358 [ INFO   ] receive request :{'is_train': True, 'table_name': 'buy_computer_new', 'X': ['å¹´é¾„', 'æ”¶å…¥å±‚æ¬¡', 'æ˜¯å¦å•èº«', 'ä¿¡ç”¨ç­‰çº§'], 'Y': ['æ˜¯å¦è´­ä¹°ç”µè„‘'], 'rate': '0.3', 'random_state': '2020', 'cv': '2', 'param': {'criterion': ['gini'], 'max_depth': ['2'], 'min_samples_split': ['2'], 'min_samples_leaf': ['1']}}
2020-07-13 10:02:43,756 [ INFO   ] è¾“å…¥æ•°æ®å¤§å°:14
2020-07-13 10:02:48,008 [ ERROR  ] 'numpy.ndarray' object has no attribute 'columns'
2020-07-13 10:02:48,044 [ INFO   ] 127.0.0.1 - - [13/Jul/2020 10:02:48] "[1m[35mPOST /algorithm/decisionTree/train HTTP/1.1[0m" 500 -
2020-07-13 10:03:27,115 [ INFO   ] decision_tree_train_init...
2020-07-13 10:03:27,116 [ INFO   ] {'is_train': True, 'table_name': 'buy_computer_new', 'X': ['å¹´é¾„', 'æ”¶å…¥å±‚æ¬¡', 'æ˜¯å¦å•èº«', 'ä¿¡ç”¨ç­‰çº§'], 'Y': ['æ˜¯å¦è´­ä¹°ç”µè„‘'], 'rate': '0.3', 'random_state': '2020', 'cv': '2', 'param': {'criterion': ['gini'], 'max_depth': ['2'], 'min_samples_split': ['2'], 'min_samples_leaf': ['1']}}
2020-07-13 10:03:27,116 [ INFO   ] receive request :{'is_train': True, 'table_name': 'buy_computer_new', 'X': ['å¹´é¾„', 'æ”¶å…¥å±‚æ¬¡', 'æ˜¯å¦å•èº«', 'ä¿¡ç”¨ç­‰çº§'], 'Y': ['æ˜¯å¦è´­ä¹°ç”µè„‘'], 'rate': '0.3', 'random_state': '2020', 'cv': '2', 'param': {'criterion': ['gini'], 'max_depth': ['2'], 'min_samples_split': ['2'], 'min_samples_leaf': ['1']}}
2020-07-13 10:03:27,192 [ INFO   ] è¾“å…¥æ•°æ®å¤§å°:14
2020-07-13 10:03:57,722 [ INFO   ] decision_tree_train_init...
2020-07-13 10:03:57,723 [ INFO   ] {'is_train': True, 'table_name': 'buy_computer_new', 'X': ['å¹´é¾„', 'æ”¶å…¥å±‚æ¬¡', 'æ˜¯å¦å•èº«', 'ä¿¡ç”¨ç­‰çº§'], 'Y': ['æ˜¯å¦è´­ä¹°ç”µè„‘'], 'rate': '0.3', 'random_state': '2020', 'cv': '2', 'param': {'criterion': ['gini'], 'max_depth': ['2'], 'min_samples_split': ['2'], 'min_samples_leaf': ['1']}}
2020-07-13 10:03:57,723 [ INFO   ] receive request :{'is_train': True, 'table_name': 'buy_computer_new', 'X': ['å¹´é¾„', 'æ”¶å…¥å±‚æ¬¡', 'æ˜¯å¦å•èº«', 'ä¿¡ç”¨ç­‰çº§'], 'Y': ['æ˜¯å¦è´­ä¹°ç”µè„‘'], 'rate': '0.3', 'random_state': '2020', 'cv': '2', 'param': {'criterion': ['gini'], 'max_depth': ['2'], 'min_samples_split': ['2'], 'min_samples_leaf': ['1']}}
2020-07-13 10:03:57,786 [ INFO   ] è¾“å…¥æ•°æ®å¤§å°:14
2020-07-13 10:04:20,476 [ INFO   ] {'is_train': True, 'table_name': 'buy_computer_new', 'X': ['å¹´é¾„', 'æ”¶å…¥å±‚æ¬¡', 'æ˜¯å¦å•èº«', 'ä¿¡ç”¨ç­‰çº§'], 'Y': ['æ˜¯å¦è´­ä¹°ç”µè„‘'], 'rate': '0.3', 'random_state': '2020', 'cv': '2', 'param': {'criterion': ['gini'], 'max_depth': ['2'], 'min_samples_split': ['2'], 'min_samples_leaf': ['1']}}
2020-07-13 10:04:20,476 [ INFO   ] receive request :{'is_train': True, 'table_name': 'buy_computer_new', 'X': ['å¹´é¾„', 'æ”¶å…¥å±‚æ¬¡', 'æ˜¯å¦å•èº«', 'ä¿¡ç”¨ç­‰çº§'], 'Y': ['æ˜¯å¦è´­ä¹°ç”µè„‘'], 'rate': '0.3', 'random_state': '2020', 'cv': '2', 'param': {'criterion': ['gini'], 'max_depth': ['2'], 'min_samples_split': ['2'], 'min_samples_leaf': ['1']}}
2020-07-13 10:04:20,711 [ INFO   ] è¾“å…¥æ•°æ®å¤§å°:14
2020-07-13 10:04:30,758 [ ERROR  ] list index out of range
2020-07-13 10:04:30,792 [ INFO   ] 127.0.0.1 - - [13/Jul/2020 10:04:30] "[1m[35mPOST /algorithm/decisionTree/train HTTP/1.1[0m" 500 -
2020-07-13 10:05:45,381 [ INFO   ] {'is_train': True, 'table_name': 'buy_computer_new', 'X': ['å¹´é¾„', 'æ”¶å…¥å±‚æ¬¡', 'æ˜¯å¦å•èº«', 'ä¿¡ç”¨ç­‰çº§'], 'Y': ['æ˜¯å¦è´­ä¹°ç”µè„‘'], 'rate': '0.3', 'random_state': '2020', 'cv': '2', 'param': {'criterion': ['gini'], 'max_depth': ['2'], 'min_samples_split': ['2'], 'min_samples_leaf': ['1']}}
2020-07-13 10:05:45,381 [ INFO   ] receive request :{'is_train': True, 'table_name': 'buy_computer_new', 'X': ['å¹´é¾„', 'æ”¶å…¥å±‚æ¬¡', 'æ˜¯å¦å•èº«', 'ä¿¡ç”¨ç­‰çº§'], 'Y': ['æ˜¯å¦è´­ä¹°ç”µè„‘'], 'rate': '0.3', 'random_state': '2020', 'cv': '2', 'param': {'criterion': ['gini'], 'max_depth': ['2'], 'min_samples_split': ['2'], 'min_samples_leaf': ['1']}}
2020-07-13 10:05:45,902 [ INFO   ] è¾“å…¥æ•°æ®å¤§å°:14
2020-07-13 10:05:57,956 [ ERROR  ] GraphViz's executables not found
2020-07-13 10:05:57,997 [ INFO   ] 127.0.0.1 - - [13/Jul/2020 10:05:57] "[1m[35mPOST /algorithm/decisionTree/train HTTP/1.1[0m" 500 -
2020-07-13 10:06:36,659 [ INFO   ] decision_tree_train_init...
2020-07-13 10:06:36,660 [ INFO   ] {'is_train': True, 'table_name': 'buy_computer_new', 'X': ['å¹´é¾„', 'æ”¶å…¥å±‚æ¬¡', 'æ˜¯å¦å•èº«', 'ä¿¡ç”¨ç­‰çº§'], 'Y': ['æ˜¯å¦è´­ä¹°ç”µè„‘'], 'rate': '0.3', 'random_state': '2020', 'cv': '2', 'param': {'criterion': ['gini'], 'max_depth': ['2'], 'min_samples_split': ['2'], 'min_samples_leaf': ['1']}}
2020-07-13 10:06:36,660 [ INFO   ] receive request :{'is_train': True, 'table_name': 'buy_computer_new', 'X': ['å¹´é¾„', 'æ”¶å…¥å±‚æ¬¡', 'æ˜¯å¦å•èº«', 'ä¿¡ç”¨ç­‰çº§'], 'Y': ['æ˜¯å¦è´­ä¹°ç”µè„‘'], 'rate': '0.3', 'random_state': '2020', 'cv': '2', 'param': {'criterion': ['gini'], 'max_depth': ['2'], 'min_samples_split': ['2'], 'min_samples_leaf': ['1']}}
2020-07-13 10:06:36,726 [ INFO   ] è¾“å…¥æ•°æ®å¤§å°:14
2020-07-13 10:15:17,127 [ INFO   ] decision_tree_train_init...
2020-07-13 10:15:17,127 [ INFO   ] {'is_train': True, 'table_name': 'buy_computer_new', 'X': ['å¹´é¾„', 'æ”¶å…¥å±‚æ¬¡', 'æ˜¯å¦å•èº«', 'ä¿¡ç”¨ç­‰çº§'], 'Y': ['æ˜¯å¦è´­ä¹°ç”µè„‘'], 'rate': '0.3', 'random_state': '2020', 'cv': '2', 'param': {'criterion': ['gini'], 'max_depth': ['2'], 'min_samples_split': ['2'], 'min_samples_leaf': ['1']}}
2020-07-13 10:15:17,127 [ INFO   ] receive request :{'is_train': True, 'table_name': 'buy_computer_new', 'X': ['å¹´é¾„', 'æ”¶å…¥å±‚æ¬¡', 'æ˜¯å¦å•èº«', 'ä¿¡ç”¨ç­‰çº§'], 'Y': ['æ˜¯å¦è´­ä¹°ç”µè„‘'], 'rate': '0.3', 'random_state': '2020', 'cv': '2', 'param': {'criterion': ['gini'], 'max_depth': ['2'], 'min_samples_split': ['2'], 'min_samples_leaf': ['1']}}
2020-07-13 10:15:17,210 [ INFO   ] è¾“å…¥æ•°æ®å¤§å°:14
2020-07-13 10:16:32,186 [ INFO   ]  * Detected change in '/Users/leiliang/Downloads/yz_project/algorithm_yz/main.py', reloading
2020-07-13 10:16:47,655 [ INFO   ] {'is_train': True, 'table_name': 'buy_computer_new', 'X': ['å¹´é¾„', 'æ”¶å…¥å±‚æ¬¡', 'æ˜¯å¦å•èº«', 'ä¿¡ç”¨ç­‰çº§'], 'Y': ['æ˜¯å¦è´­ä¹°ç”µè„‘'], 'rate': '0.3', 'random_state': '2020', 'cv': '2', 'param': {'criterion': ['gini'], 'max_depth': ['2'], 'min_samples_split': ['2'], 'min_samples_leaf': ['1']}}
2020-07-13 10:16:47,655 [ INFO   ] receive request :{'is_train': True, 'table_name': 'buy_computer_new', 'X': ['å¹´é¾„', 'æ”¶å…¥å±‚æ¬¡', 'æ˜¯å¦å•èº«', 'ä¿¡ç”¨ç­‰çº§'], 'Y': ['æ˜¯å¦è´­ä¹°ç”µè„‘'], 'rate': '0.3', 'random_state': '2020', 'cv': '2', 'param': {'criterion': ['gini'], 'max_depth': ['2'], 'min_samples_split': ['2'], 'min_samples_leaf': ['1']}}
2020-07-13 10:16:47,914 [ INFO   ] è¾“å…¥æ•°æ®å¤§å°:14
2020-07-13 10:17:13,351 [ ERROR  ] GraphViz's executables not found
2020-07-13 10:17:13,369 [ INFO   ] 127.0.0.1 - - [13/Jul/2020 10:17:13] "[1m[35mPOST /algorithm/decisionTree/train HTTP/1.1[0m" 500 -
2020-07-13 10:21:57,040 [ INFO   ] {'is_train': True, 'table_name': 'buy_computer_new', 'X': ['å¹´é¾„', 'æ”¶å…¥å±‚æ¬¡', 'æ˜¯å¦å•èº«', 'ä¿¡ç”¨ç­‰çº§'], 'Y': ['æ˜¯å¦è´­ä¹°ç”µè„‘'], 'rate': '0.3', 'random_state': '2020', 'cv': '2', 'param': {'criterion': ['gini'], 'max_depth': ['2'], 'min_samples_split': ['2'], 'min_samples_leaf': ['1']}}
2020-07-13 10:21:57,040 [ INFO   ] receive request :{'is_train': True, 'table_name': 'buy_computer_new', 'X': ['å¹´é¾„', 'æ”¶å…¥å±‚æ¬¡', 'æ˜¯å¦å•èº«', 'ä¿¡ç”¨ç­‰çº§'], 'Y': ['æ˜¯å¦è´­ä¹°ç”µè„‘'], 'rate': '0.3', 'random_state': '2020', 'cv': '2', 'param': {'criterion': ['gini'], 'max_depth': ['2'], 'min_samples_split': ['2'], 'min_samples_leaf': ['1']}}
2020-07-13 10:21:57,382 [ INFO   ] è¾“å…¥æ•°æ®å¤§å°:14
2020-07-13 10:27:16,755 [ INFO   ]  * Detected change in '/Users/leiliang/Downloads/yz_project/algorithm_yz/main.py', reloading
2020-07-13 10:47:00,387 [ INFO   ] {'oneSample': False, 'tableName': '', 'X': ['x1', 'x2'], 'Y': ['y'], 'random_state': '2020'}
2020-07-13 10:47:00,387 [ INFO   ] receive request :{'oneSample': False, 'tableName': '', 'X': ['x1', 'x2'], 'Y': ['y'], 'random_state': '2020'}
2020-07-13 10:47:43,349 [ INFO   ] decision_tree_predict_init...
2020-07-13 10:47:43,350 [ INFO   ] {'oneSample': False, 'tableName': 'buy_computer_new', 'X': ['x1', 'x2'], 'Y': ['y'], 'random_state': '2020'}
2020-07-13 10:47:43,350 [ INFO   ] receive request :{'oneSample': False, 'tableName': 'buy_computer_new', 'X': ['x1', 'x2'], 'Y': ['y'], 'random_state': '2020'}
2020-07-13 10:53:06,351 [ INFO   ] {'oneSample': False, 'tableName': 'buy_computer_new', 'X': ['x1', 'x2'], 'Y': ['y'], 'random_state': '2020'}
2020-07-13 10:53:06,351 [ INFO   ] receive request :{'oneSample': False, 'tableName': 'buy_computer_new', 'X': ['x1', 'x2'], 'Y': ['y'], 'random_state': '2020'}
2020-07-13 10:53:45,905 [ ERROR  ] [Errno 2] No such file or directory: '20-07-13-10-21-57.pkl'
2020-07-13 10:55:39,493 [ INFO   ] {'oneSample': False, 'tableName': 'buy_computer_new', 'X': ['x1', 'x2'], 'Y': ['y'], 'random_state': '2020'}
2020-07-13 10:55:39,493 [ INFO   ] receive request :{'oneSample': False, 'tableName': 'buy_computer_new', 'X': ['x1', 'x2'], 'Y': ['y'], 'random_state': '2020'}
2020-07-13 10:56:23,794 [ INFO   ]  * Detected change in '/Users/leiliang/Downloads/yz_project/algorithm_yz/main.py', reloading
2020-07-13 11:02:46,900 [ INFO   ] {'oneSample': False, 'tableName': 'buy_computer_new', 'X': ['x1', 'x2'], 'Y': ['y'], 'random_state': '2020'}
2020-07-13 11:02:46,901 [ INFO   ] receive request :{'oneSample': False, 'tableName': 'buy_computer_new', 'X': ['x1', 'x2'], 'Y': ['y'], 'random_state': '2020'}
2020-07-13 14:48:28,620 [ INFO   ] {'is_train': True, 'table_name': 'buy_computer_new', 'X': ['å¹´é¾„', 'æ”¶å…¥å±‚æ¬¡', 'æ˜¯å¦å•èº«', 'ä¿¡ç”¨ç­‰çº§'], 'Y': ['æ˜¯å¦è´­ä¹°ç”µè„‘'], 'rate': '0.3', 'random_state': '2020', 'cv': '2', 'param': {'criterion': ['gini'], 'max_depth': ['2'], 'min_samples_split': ['2'], 'min_samples_leaf': ['1']}}
2020-07-13 14:48:28,621 [ INFO   ] receive request :{'is_train': True, 'table_name': 'buy_computer_new', 'X': ['å¹´é¾„', 'æ”¶å…¥å±‚æ¬¡', 'æ˜¯å¦å•èº«', 'ä¿¡ç”¨ç­‰çº§'], 'Y': ['æ˜¯å¦è´­ä¹°ç”µè„‘'], 'rate': '0.3', 'random_state': '2020', 'cv': '2', 'param': {'criterion': ['gini'], 'max_depth': ['2'], 'min_samples_split': ['2'], 'min_samples_leaf': ['1']}}
2020-07-13 14:48:28,622 [ INFO   ] 'isTrain'
2020-07-13 14:48:28,652 [ INFO   ] 127.0.0.1 - - [13/Jul/2020 14:48:28] "[1m[35mPOST /algorithm/decisionTree/train HTTP/1.1[0m" 500 -
2020-07-13 14:48:52,121 [ INFO   ] decision_tree_train_init...
2020-07-13 14:48:52,122 [ INFO   ] {'isTrain': True, 'tableName': 'buy_computer_new', 'X': ['å¹´é¾„', 'æ”¶å…¥å±‚æ¬¡', 'æ˜¯å¦å•èº«', 'ä¿¡ç”¨ç­‰çº§'], 'Y': ['æ˜¯å¦è´­ä¹°ç”µè„‘'], 'rate': '0.3', 'random_state': '2020', 'cv': '2', 'param': {'criterion': ['gini'], 'max_depth': ['2'], 'min_samples_split': ['2'], 'min_samples_leaf': ['1']}}
2020-07-13 14:48:52,122 [ INFO   ] receive request :{'isTrain': True, 'tableName': 'buy_computer_new', 'X': ['å¹´é¾„', 'æ”¶å…¥å±‚æ¬¡', 'æ˜¯å¦å•èº«', 'ä¿¡ç”¨ç­‰çº§'], 'Y': ['æ˜¯å¦è´­ä¹°ç”µè„‘'], 'rate': '0.3', 'random_state': '2020', 'cv': '2', 'param': {'criterion': ['gini'], 'max_depth': ['2'], 'min_samples_split': ['2'], 'min_samples_leaf': ['1']}}
2020-07-13 14:48:52,475 [ INFO   ] è¾“å…¥æ•°æ®å¤§å°:14
2020-07-13 14:49:57,076 [ INFO   ] 127.0.0.1 - - [13/Jul/2020 14:49:57] "[37mPOST /algorithm/decisionTree/train HTTP/1.1[0m" 200 -
2020-07-13 14:50:03,397 [ INFO   ] decision_tree_train_init...
2020-07-13 14:50:03,398 [ INFO   ] {'isTrain': True, 'tableName': 'buy_computer_new', 'X': ['å¹´é¾„', 'æ”¶å…¥å±‚æ¬¡', 'æ˜¯å¦å•èº«', 'ä¿¡ç”¨ç­‰çº§'], 'Y': ['æ˜¯å¦è´­ä¹°ç”µè„‘'], 'rate': '0.3', 'random_state': '2020', 'cv': '2', 'param': {'criterion': ['gini'], 'max_depth': ['2'], 'min_samples_split': ['2'], 'min_samples_leaf': ['1']}}
2020-07-13 14:50:03,398 [ INFO   ] receive request :{'isTrain': True, 'tableName': 'buy_computer_new', 'X': ['å¹´é¾„', 'æ”¶å…¥å±‚æ¬¡', 'æ˜¯å¦å•èº«', 'ä¿¡ç”¨ç­‰çº§'], 'Y': ['æ˜¯å¦è´­ä¹°ç”µè„‘'], 'rate': '0.3', 'random_state': '2020', 'cv': '2', 'param': {'criterion': ['gini'], 'max_depth': ['2'], 'min_samples_split': ['2'], 'min_samples_leaf': ['1']}}
2020-07-13 14:50:03,482 [ INFO   ] è¾“å…¥æ•°æ®å¤§å°:14
2020-07-13 14:50:07,811 [ INFO   ] 127.0.0.1 - - [13/Jul/2020 14:50:07] "[37mPOST /algorithm/decisionTree/train HTTP/1.1[0m" 200 -
2020-07-13 14:50:36,254 [ INFO   ] decision_tree_train_init...
2020-07-13 14:50:36,255 [ INFO   ] {'isTrain': False, 'tableName': 'buy_computer_new', 'X': ['å¹´é¾„', 'æ”¶å…¥å±‚æ¬¡', 'æ˜¯å¦å•èº«', 'ä¿¡ç”¨ç­‰çº§'], 'Y': ['æ˜¯å¦è´­ä¹°ç”µè„‘'], 'rate': '0.3', 'random_state': '2020', 'cv': '2', 'param': {'criterion': ['gini'], 'max_depth': ['2'], 'min_samples_split': ['2'], 'min_samples_leaf': ['1']}}
2020-07-13 14:50:36,255 [ INFO   ] receive request :{'isTrain': False, 'tableName': 'buy_computer_new', 'X': ['å¹´é¾„', 'æ”¶å…¥å±‚æ¬¡', 'æ˜¯å¦å•èº«', 'ä¿¡ç”¨ç­‰çº§'], 'Y': ['æ˜¯å¦è´­ä¹°ç”µè„‘'], 'rate': '0.3', 'random_state': '2020', 'cv': '2', 'param': {'criterion': ['gini'], 'max_depth': ['2'], 'min_samples_split': ['2'], 'min_samples_leaf': ['1']}}
2020-07-13 14:50:36,324 [ INFO   ] è¾“å…¥æ•°æ®å¤§å°:14
2020-07-13 14:51:46,667 [ INFO   ] {'isTrain': False, 'tableName': 'buy_computer_new', 'X': ['å¹´é¾„', 'æ”¶å…¥å±‚æ¬¡', 'æ˜¯å¦å•èº«', 'ä¿¡ç”¨ç­‰çº§'], 'Y': ['æ˜¯å¦è´­ä¹°ç”µè„‘'], 'rate': '0.3', 'random_state': '2020', 'cv': '2', 'param': {'criterion': ['gini'], 'max_depth': ['2'], 'min_samples_split': ['2'], 'min_samples_leaf': ['1']}}
2020-07-13 14:51:46,667 [ INFO   ] receive request :{'isTrain': False, 'tableName': 'buy_computer_new', 'X': ['å¹´é¾„', 'æ”¶å…¥å±‚æ¬¡', 'æ˜¯å¦å•èº«', 'ä¿¡ç”¨ç­‰çº§'], 'Y': ['æ˜¯å¦è´­ä¹°ç”µè„‘'], 'rate': '0.3', 'random_state': '2020', 'cv': '2', 'param': {'criterion': ['gini'], 'max_depth': ['2'], 'min_samples_split': ['2'], 'min_samples_leaf': ['1']}}
2020-07-13 14:51:46,985 [ INFO   ] è¾“å…¥æ•°æ®å¤§å°:14
2020-07-13 14:51:47,005 [ INFO   ] 127.0.0.1 - - [13/Jul/2020 14:51:47] "[37mPOST /algorithm/decisionTree/train HTTP/1.1[0m" 200 -
2020-07-13 14:52:41,710 [ INFO   ]  * Detected change in '/Users/leiliang/Downloads/yz_project/algorithm_yz/main.py', reloading
2020-07-13 14:52:44,268 [ INFO   ] {'isTrain': False, 'tableName': 'buy_computer_new', 'X': ['å¹´é¾„', 'æ”¶å…¥å±‚æ¬¡', 'æ˜¯å¦å•èº«', 'ä¿¡ç”¨ç­‰çº§'], 'Y': ['æ˜¯å¦è´­ä¹°ç”µè„‘'], 'rate': '0.3', 'randomState': '2020', 'cv': '2', 'param': {'criterion': ['gini'], 'max_depth': ['2'], 'min_samples_split': ['2'], 'min_samples_leaf': ['1']}}
2020-07-13 14:52:44,268 [ INFO   ] receive request :{'isTrain': False, 'tableName': 'buy_computer_new', 'X': ['å¹´é¾„', 'æ”¶å…¥å±‚æ¬¡', 'æ˜¯å¦å•èº«', 'ä¿¡ç”¨ç­‰çº§'], 'Y': ['æ˜¯å¦è´­ä¹°ç”µè„‘'], 'rate': '0.3', 'randomState': '2020', 'cv': '2', 'param': {'criterion': ['gini'], 'max_depth': ['2'], 'min_samples_split': ['2'], 'min_samples_leaf': ['1']}}
2020-07-13 14:52:44,704 [ INFO   ] è¾“å…¥æ•°æ®å¤§å°:14
2020-07-13 14:52:44,727 [ INFO   ] 127.0.0.1 - - [13/Jul/2020 14:52:44] "[37mPOST /algorithm/decisionTree/train HTTP/1.1[0m" 200 -
2020-07-13 14:53:44,360 [ INFO   ] decision_tree_predict_init...
2020-07-13 14:53:44,361 [ INFO   ] {'oneSample': False, 'tableName': 'buy_computer_new', 'X': ['x1', 'x2'], 'randomState': '2020'}
2020-07-13 14:53:44,361 [ INFO   ] receive request :{'oneSample': False, 'tableName': 'buy_computer_new', 'X': ['x1', 'x2'], 'randomState': '2020'}
2020-07-13 14:53:49,466 [ INFO   ] ('Execution failed on sql \'select x1,x2 from buy_computer_new;\': (1054, "Unknown column \'x1\' in \'field list\'")',)
2020-07-13 14:54:13,284 [ INFO   ] decision_tree_predict_init...
2020-07-13 14:54:13,284 [ INFO   ] {'oneSample': False, 'tableName': 'buy_computer_new', 'X': ['å¹´é¾„', 'æ”¶å…¥å±‚æ¬¡', 'æ˜¯å¦å•èº«', 'ä¿¡ç”¨ç­‰çº§'], 'randomState': '2020'}
2020-07-13 14:54:13,284 [ INFO   ] receive request :{'oneSample': False, 'tableName': 'buy_computer_new', 'X': ['å¹´é¾„', 'æ”¶å…¥å±‚æ¬¡', 'æ˜¯å¦å•èº«', 'ä¿¡ç”¨ç­‰çº§'], 'randomState': '2020'}
2020-07-13 14:54:17,378 [ INFO   ] è¾“å…¥æ•°æ®å¤§å°:14
2020-07-13 14:56:46,338 [ INFO   ] {'oneSample': False, 'tableName': 'buy_computer_new', 'X': ['å¹´é¾„', 'æ”¶å…¥å±‚æ¬¡', 'æ˜¯å¦å•èº«', 'ä¿¡ç”¨ç­‰çº§']}
2020-07-13 14:56:46,338 [ INFO   ] receive request :{'oneSample': False, 'tableName': 'buy_computer_new', 'X': ['å¹´é¾„', 'æ”¶å…¥å±‚æ¬¡', 'æ˜¯å¦å•èº«', 'ä¿¡ç”¨ç­‰çº§']}
2020-07-13 14:56:53,067 [ INFO   ] è¾“å…¥æ•°æ®å¤§å°:14
2020-07-13 14:57:43,163 [ INFO   ] decision_tree_predict_init...
2020-07-13 14:57:43,163 [ INFO   ] {'oneSample': True, 'tableName': 'buy_computer_new', 'X': [0, 0, 0, 0]}
2020-07-13 14:57:43,163 [ INFO   ] receive request :{'oneSample': True, 'tableName': 'buy_computer_new', 'X': [0, 0, 0, 0]}
2020-07-13 14:57:48,222 [ ERROR  ] Expected 2D array, got 1D array instead:
array=[0. 0. 0. 0.].
Reshape your data either using array.reshape(-1, 1) if your data has a single feature or array.reshape(1, -1) if it contains a single sample.
2020-07-13 14:57:53,716 [ INFO   ] decision_tree_predict_init...
2020-07-13 14:57:53,717 [ INFO   ] {'oneSample': True, 'tableName': 'buy_computer_new', 'X': [0, 0, 0, 0]}
2020-07-13 14:57:53,717 [ INFO   ] receive request :{'oneSample': True, 'tableName': 'buy_computer_new', 'X': [0, 0, 0, 0]}
2020-07-13 15:02:26,176 [ INFO   ]  * Detected change in '/Users/leiliang/Downloads/yz_project/algorithm_yz/main.py', reloading
2020-07-13 15:02:28,777 [ INFO   ] {'oneSample': True, 'tableName': 'buy_computer_new', 'X': [0, 0, 0, 0]}
2020-07-13 15:02:28,777 [ INFO   ] receive request :{'oneSample': True, 'tableName': 'buy_computer_new', 'X': [0, 0, 0, 0]}
2020-07-13 15:03:10,205 [ INFO   ] decision_tree_predict_init...
2020-07-13 15:03:10,205 [ INFO   ] {'oneSample': True, 'tableName': 'buy_computer_new', 'X': [0, 0, 0, 0]}
2020-07-13 15:03:10,205 [ INFO   ] receive request :{'oneSample': True, 'tableName': 'buy_computer_new', 'X': [0, 0, 0, 0]}
2020-07-13 15:03:12,762 [ INFO   ] 127.0.0.1 - - [13/Jul/2020 15:03:12] "[37mPOST /algorithm/decisionTree/predict HTTP/1.1[0m" 200 -
2020-07-13 15:03:12,764 [ INFO   ] 127.0.0.1 - - [13/Jul/2020 15:03:12] "[37mPOST /algorithm/decisionTree/predict HTTP/1.1[0m" 200 -
2020-07-13 15:08:12,017 [ INFO   ]  * Detected change in '/Users/leiliang/Downloads/yz_project/algorithm_yz/main.py', reloading
2020-07-13 15:17:22,041 [ INFO   ] {'isTrain': '', 'tableName': '', 'X': ['x1', 'x2'], 'Y': ['y'], 'rate': '0.3', 'randomState': '2020', 'cv': '10', 'param': {'penalty': 'l2', 'C': '2', 'solver': 'saga', 'maxIter': '1000'}}
2020-07-13 15:17:22,042 [ INFO   ] receive request :{'isTrain': '', 'tableName': '', 'X': ['x1', 'x2'], 'Y': ['y'], 'rate': '0.3', 'randomState': '2020', 'cv': '10', 'param': {'penalty': 'l2', 'C': '2', 'solver': 'saga', 'maxIter': '1000'}}
2020-07-13 15:17:22,587 [ INFO   ] ('Execution failed on sql \'select x1,x2,y from ;\': (1064, "You have an error in your SQL syntax; check the manual that corresponds to your MySQL server version for the right syntax to use near \'\' at line 1")',)
2020-07-13 15:17:22,658 [ INFO   ] 127.0.0.1 - - [13/Jul/2020 15:17:22] "[1m[35mPOST /algorithm/logistics/train HTTP/1.1[0m" 500 -
2020-07-13 15:17:52,929 [ INFO   ] logistics_train_init...
2020-07-13 15:17:52,930 [ INFO   ] {'isTrain': '', 'tableName': '', 'X': ['å¹´é¾„', 'æ”¶å…¥å±‚æ¬¡', 'æ˜¯å¦å•èº«', 'ä¿¡ç”¨ç­‰çº§'], 'Y': ['æ˜¯å¦è´­ä¹°ç”µè„‘'], 'rate': '0.3', 'randomState': '2020', 'cv': '10', 'param': {'penalty': 'l2', 'C': '2', 'solver': 'saga', 'maxIter': '1000'}}
2020-07-13 15:17:52,930 [ INFO   ] receive request :{'isTrain': '', 'tableName': '', 'X': ['å¹´é¾„', 'æ”¶å…¥å±‚æ¬¡', 'æ˜¯å¦å•èº«', 'ä¿¡ç”¨ç­‰çº§'], 'Y': ['æ˜¯å¦è´­ä¹°ç”µè„‘'], 'rate': '0.3', 'randomState': '2020', 'cv': '10', 'param': {'penalty': 'l2', 'C': '2', 'solver': 'saga', 'maxIter': '1000'}}
2020-07-13 15:17:53,000 [ INFO   ] ('Execution failed on sql \'select å¹´é¾„,æ”¶å…¥å±‚æ¬¡,æ˜¯å¦å•èº«,ä¿¡ç”¨ç­‰çº§,æ˜¯å¦è´­ä¹°ç”µè„‘ from ;\': (1064, "You have an error in your SQL syntax; check the manual that corresponds to your MySQL server version for the right syntax to use near \'\' at line 1")',)
2020-07-13 15:17:53,046 [ INFO   ] 127.0.0.1 - - [13/Jul/2020 15:17:53] "[1m[35mPOST /algorithm/logistics/train HTTP/1.1[0m" 500 -
2020-07-13 15:18:08,416 [ INFO   ] logistics_train_init...
2020-07-13 15:18:08,416 [ INFO   ] {'isTrain': '', 'tableName': 'buy_computer_new', 'X': ['å¹´é¾„', 'æ”¶å…¥å±‚æ¬¡', 'æ˜¯å¦å•èº«', 'ä¿¡ç”¨ç­‰çº§'], 'Y': ['æ˜¯å¦è´­ä¹°ç”µè„‘'], 'rate': '0.3', 'randomState': '2020', 'cv': '10', 'param': {'penalty': 'l2', 'C': '2', 'solver': 'saga', 'maxIter': '1000'}}
2020-07-13 15:18:08,416 [ INFO   ] receive request :{'isTrain': '', 'tableName': 'buy_computer_new', 'X': ['å¹´é¾„', 'æ”¶å…¥å±‚æ¬¡', 'æ˜¯å¦å•èº«', 'ä¿¡ç”¨ç­‰çº§'], 'Y': ['æ˜¯å¦è´­ä¹°ç”µè„‘'], 'rate': '0.3', 'randomState': '2020', 'cv': '10', 'param': {'penalty': 'l2', 'C': '2', 'solver': 'saga', 'maxIter': '1000'}}
2020-07-13 15:18:08,484 [ INFO   ] è¾“å…¥æ•°æ®å¤§å°:14
2020-07-13 15:18:25,909 [ INFO   ] logistics_train_init...
2020-07-13 15:18:25,909 [ INFO   ] {'isTrain': 'True', 'tableName': 'buy_computer_new', 'X': ['å¹´é¾„', 'æ”¶å…¥å±‚æ¬¡', 'æ˜¯å¦å•èº«', 'ä¿¡ç”¨ç­‰çº§'], 'Y': ['æ˜¯å¦è´­ä¹°ç”µè„‘'], 'rate': '0.3', 'randomState': '2020', 'cv': '10', 'param': {'penalty': 'l2', 'C': '2', 'solver': 'saga', 'maxIter': '1000'}}
2020-07-13 15:18:25,910 [ INFO   ] receive request :{'isTrain': 'True', 'tableName': 'buy_computer_new', 'X': ['å¹´é¾„', 'æ”¶å…¥å±‚æ¬¡', 'æ˜¯å¦å•èº«', 'ä¿¡ç”¨ç­‰çº§'], 'Y': ['æ˜¯å¦è´­ä¹°ç”µè„‘'], 'rate': '0.3', 'randomState': '2020', 'cv': '10', 'param': {'penalty': 'l2', 'C': '2', 'solver': 'saga', 'maxIter': '1000'}}
2020-07-13 15:18:26,039 [ INFO   ] è¾“å…¥æ•°æ®å¤§å°:14
2020-07-13 15:18:34,555 [ ERROR  ] Parameter values for parameter (penalty) need to be a sequence(but not a string) or np.ndarray.
2020-07-13 15:18:43,109 [ ERROR  ] [Errno 2] No such file or directory: './model/LogisticRegression'
2020-07-13 15:18:43,154 [ INFO   ] 127.0.0.1 - - [13/Jul/2020 15:18:43] "[1m[35mPOST /algorithm/logistics/train HTTP/1.1[0m" 500 -
2020-07-13 15:18:43,159 [ INFO   ] 127.0.0.1 - - [13/Jul/2020 15:18:43] "[1m[35mPOST /algorithm/logistics/train HTTP/1.1[0m" 500 -
2020-07-13 15:19:38,330 [ INFO   ] logistics_train_init...
2020-07-13 15:19:38,332 [ INFO   ] {'isTrain': 'True', 'tableName': 'buy_computer_new', 'X': ['å¹´é¾„', 'æ”¶å…¥å±‚æ¬¡', 'æ˜¯å¦å•èº«', 'ä¿¡ç”¨ç­‰çº§'], 'Y': ['æ˜¯å¦è´­ä¹°ç”µè„‘'], 'rate': '0.3', 'randomState': '2020', 'cv': '10', 'param': {'penalty': 'l2', 'C': '2', 'solver': 'saga', 'maxIter': '1000'}}
2020-07-13 15:19:38,332 [ INFO   ] receive request :{'isTrain': 'True', 'tableName': 'buy_computer_new', 'X': ['å¹´é¾„', 'æ”¶å…¥å±‚æ¬¡', 'æ˜¯å¦å•èº«', 'ä¿¡ç”¨ç­‰çº§'], 'Y': ['æ˜¯å¦è´­ä¹°ç”µè„‘'], 'rate': '0.3', 'randomState': '2020', 'cv': '10', 'param': {'penalty': 'l2', 'C': '2', 'solver': 'saga', 'maxIter': '1000'}}
2020-07-13 15:19:38,465 [ INFO   ] è¾“å…¥æ•°æ®å¤§å°:14
2020-07-13 15:20:49,645 [ INFO   ] logistics_train_init...
2020-07-13 15:20:49,646 [ INFO   ] {'isTrain': 'True', 'tableName': 'buy_computer_new', 'X': ['å¹´é¾„', 'æ”¶å…¥å±‚æ¬¡', 'æ˜¯å¦å•èº«', 'ä¿¡ç”¨ç­‰çº§'], 'Y': ['æ˜¯å¦è´­ä¹°ç”µè„‘'], 'rate': '0.3', 'randomState': '2020', 'cv': '10', 'param': {'penalty': 'l2', 'C': '2', 'solver': 'saga', 'maxIter': '1000'}}
2020-07-13 15:20:49,646 [ INFO   ] receive request :{'isTrain': 'True', 'tableName': 'buy_computer_new', 'X': ['å¹´é¾„', 'æ”¶å…¥å±‚æ¬¡', 'æ˜¯å¦å•èº«', 'ä¿¡ç”¨ç­‰çº§'], 'Y': ['æ˜¯å¦è´­ä¹°ç”µè„‘'], 'rate': '0.3', 'randomState': '2020', 'cv': '10', 'param': {'penalty': 'l2', 'C': '2', 'solver': 'saga', 'maxIter': '1000'}}
2020-07-13 15:20:49,770 [ INFO   ] è¾“å…¥æ•°æ®å¤§å°:14
2020-07-13 15:20:50,123 [ INFO   ]  * Detected change in '/Users/leiliang/Downloads/yz_project/algorithm_yz/main.py', reloading
2020-07-13 15:20:55,403 [ INFO   ] {'isTrain': 'True', 'tableName': 'buy_computer_new', 'X': ['å¹´é¾„', 'æ”¶å…¥å±‚æ¬¡', 'æ˜¯å¦å•èº«', 'ä¿¡ç”¨ç­‰çº§'], 'Y': ['æ˜¯å¦è´­ä¹°ç”µè„‘'], 'rate': '0.3', 'randomState': '2020', 'cv': '10', 'param': {'penalty': 'l2', 'C': '2', 'solver': 'saga', 'maxIter': '1000'}}
2020-07-13 15:20:55,403 [ INFO   ] receive request :{'isTrain': 'True', 'tableName': 'buy_computer_new', 'X': ['å¹´é¾„', 'æ”¶å…¥å±‚æ¬¡', 'æ˜¯å¦å•èº«', 'ä¿¡ç”¨ç­‰çº§'], 'Y': ['æ˜¯å¦è´­ä¹°ç”µè„‘'], 'rate': '0.3', 'randomState': '2020', 'cv': '10', 'param': {'penalty': 'l2', 'C': '2', 'solver': 'saga', 'maxIter': '1000'}}
2020-07-13 15:20:55,690 [ INFO   ] è¾“å…¥æ•°æ®å¤§å°:14
2020-07-13 15:21:09,584 [ ERROR  ] Cannot have number of splits n_splits=10 greater than the number of samples: n_samples=9.
2020-07-13 15:21:09,633 [ INFO   ] 127.0.0.1 - - [13/Jul/2020 15:21:09] "[1m[35mPOST /algorithm/logistics/train HTTP/1.1[0m" 500 -
2020-07-13 15:21:28,270 [ INFO   ] logistics_train_init...
2020-07-13 15:21:28,272 [ INFO   ] {'isTrain': 'True', 'tableName': 'buy_computer_new', 'X': ['å¹´é¾„', 'æ”¶å…¥å±‚æ¬¡', 'æ˜¯å¦å•èº«', 'ä¿¡ç”¨ç­‰çº§'], 'Y': ['æ˜¯å¦è´­ä¹°ç”µè„‘'], 'rate': '0.3', 'randomState': '2020', 'cv': '3', 'param': {'penalty': 'l2', 'C': '2', 'solver': 'saga', 'maxIter': '1000'}}
2020-07-13 15:21:28,272 [ INFO   ] receive request :{'isTrain': 'True', 'tableName': 'buy_computer_new', 'X': ['å¹´é¾„', 'æ”¶å…¥å±‚æ¬¡', 'æ˜¯å¦å•èº«', 'ä¿¡ç”¨ç­‰çº§'], 'Y': ['æ˜¯å¦è´­ä¹°ç”µè„‘'], 'rate': '0.3', 'randomState': '2020', 'cv': '3', 'param': {'penalty': 'l2', 'C': '2', 'solver': 'saga', 'maxIter': '1000'}}
2020-07-13 15:21:28,379 [ INFO   ] è¾“å…¥æ•°æ®å¤§å°:14
2020-07-13 15:21:39,192 [ ERROR  ] Invalid parameter maxIter for estimator LogisticRegression(C=2.0, class_weight=None, dual=False, fit_intercept=True,
                   intercept_scaling=1, l1_ratio=None, max_iter=100,
                   multi_class='auto', n_jobs=None, penalty='l2',
                   random_state=2020, solver='lbfgs', tol=0.0001, verbose=0,
                   warm_start=False). Check the list of available parameters with `estimator.get_params().keys()`.
2020-07-13 15:21:39,239 [ INFO   ] 127.0.0.1 - - [13/Jul/2020 15:21:39] "[1m[35mPOST /algorithm/logistics/train HTTP/1.1[0m" 500 -
2020-07-13 15:24:23,580 [ INFO   ] {'isTrain': 'True', 'tableName': 'buy_computer_new', 'X': ['å¹´é¾„', 'æ”¶å…¥å±‚æ¬¡', 'æ˜¯å¦å•èº«', 'ä¿¡ç”¨ç­‰çº§'], 'Y': ['æ˜¯å¦è´­ä¹°ç”µè„‘'], 'rate': '0.3', 'randomState': '2020', 'cv': '3', 'param': {'penalty': 'l2', 'C': '2', 'solver': 'saga', 'maxIter': '1000'}}
2020-07-13 15:24:23,580 [ INFO   ] receive request :{'isTrain': 'True', 'tableName': 'buy_computer_new', 'X': ['å¹´é¾„', 'æ”¶å…¥å±‚æ¬¡', 'æ˜¯å¦å•èº«', 'ä¿¡ç”¨ç­‰çº§'], 'Y': ['æ˜¯å¦è´­ä¹°ç”µè„‘'], 'rate': '0.3', 'randomState': '2020', 'cv': '3', 'param': {'penalty': 'l2', 'C': '2', 'solver': 'saga', 'maxIter': '1000'}}
2020-07-13 15:24:23,899 [ INFO   ] è¾“å…¥æ•°æ®å¤§å°:14
2020-07-13 15:24:31,898 [ ERROR  ] Parameter values for parameter (maxIter) need to be a sequence(but not a string) or np.ndarray.
2020-07-13 15:24:31,935 [ INFO   ] 127.0.0.1 - - [13/Jul/2020 15:24:31] "[1m[35mPOST /algorithm/logistics/train HTTP/1.1[0m" 500 -
2020-07-13 15:25:09,993 [ INFO   ]  * Detected change in '/Users/leiliang/Downloads/yz_project/algorithm_yz/main.py', reloading
2020-07-13 15:25:12,612 [ INFO   ] {'isTrain': 'True', 'tableName': 'buy_computer_new', 'X': ['å¹´é¾„', 'æ”¶å…¥å±‚æ¬¡', 'æ˜¯å¦å•èº«', 'ä¿¡ç”¨ç­‰çº§'], 'Y': ['æ˜¯å¦è´­ä¹°ç”µè„‘'], 'rate': '0.3', 'randomState': '2020', 'cv': '3', 'param': {'penalty': 'l2', 'C': '2', 'solver': 'saga', 'maxIter': '1000'}}
2020-07-13 15:25:12,612 [ INFO   ] receive request :{'isTrain': 'True', 'tableName': 'buy_computer_new', 'X': ['å¹´é¾„', 'æ”¶å…¥å±‚æ¬¡', 'æ˜¯å¦å•èº«', 'ä¿¡ç”¨ç­‰çº§'], 'Y': ['æ˜¯å¦è´­ä¹°ç”µè„‘'], 'rate': '0.3', 'randomState': '2020', 'cv': '3', 'param': {'penalty': 'l2', 'C': '2', 'solver': 'saga', 'maxIter': '1000'}}
2020-07-13 15:25:12,855 [ INFO   ] è¾“å…¥æ•°æ®å¤§å°:14
2020-07-13 15:25:28,573 [ INFO   ] logistics_train_init...
2020-07-13 15:25:28,573 [ INFO   ] {'isTrain': 'True', 'tableName': 'buy_computer_new', 'X': ['å¹´é¾„', 'æ”¶å…¥å±‚æ¬¡', 'æ˜¯å¦å•èº«', 'ä¿¡ç”¨ç­‰çº§'], 'Y': ['æ˜¯å¦è´­ä¹°ç”µè„‘'], 'rate': '0.3', 'randomState': '2020', 'cv': '3', 'param': {'penalty': 'l2', 'C': '2', 'solver': 'saga', 'maxIter': '1000'}}
2020-07-13 15:25:28,573 [ INFO   ] receive request :{'isTrain': 'True', 'tableName': 'buy_computer_new', 'X': ['å¹´é¾„', 'æ”¶å…¥å±‚æ¬¡', 'æ˜¯å¦å•èº«', 'ä¿¡ç”¨ç­‰çº§'], 'Y': ['æ˜¯å¦è´­ä¹°ç”µè„‘'], 'rate': '0.3', 'randomState': '2020', 'cv': '3', 'param': {'penalty': 'l2', 'C': '2', 'solver': 'saga', 'maxIter': '1000'}}
2020-07-13 15:25:28,692 [ INFO   ] è¾“å…¥æ•°æ®å¤§å°:14
2020-07-13 15:25:30,677 [ ERROR  ] Parameter values for parameter (maxIter) need to be a sequence(but not a string) or np.ndarray.
2020-07-13 15:25:30,723 [ INFO   ] 127.0.0.1 - - [13/Jul/2020 15:25:30] "[1m[35mPOST /algorithm/logistics/train HTTP/1.1[0m" 500 -
2020-07-13 15:26:05,021 [ INFO   ] logistics_train_init...
2020-07-13 15:26:05,022 [ INFO   ] {'isTrain': 'True', 'tableName': 'buy_computer_new', 'X': ['å¹´é¾„', 'æ”¶å…¥å±‚æ¬¡', 'æ˜¯å¦å•èº«', 'ä¿¡ç”¨ç­‰çº§'], 'Y': ['æ˜¯å¦è´­ä¹°ç”µè„‘'], 'rate': '0.3', 'randomState': '2020', 'cv': '3', 'param': {'penalty': 'l2', 'C': '2', 'solver': 'saga', 'max_iter': '1000'}}
2020-07-13 15:26:05,022 [ INFO   ] receive request :{'isTrain': 'True', 'tableName': 'buy_computer_new', 'X': ['å¹´é¾„', 'æ”¶å…¥å±‚æ¬¡', 'æ˜¯å¦å•èº«', 'ä¿¡ç”¨ç­‰çº§'], 'Y': ['æ˜¯å¦è´­ä¹°ç”µè„‘'], 'rate': '0.3', 'randomState': '2020', 'cv': '3', 'param': {'penalty': 'l2', 'C': '2', 'solver': 'saga', 'max_iter': '1000'}}
2020-07-13 15:26:05,097 [ INFO   ] è¾“å…¥æ•°æ®å¤§å°:14
2020-07-13 15:26:06,571 [ ERROR  ] Parameter values for parameter (maxIter) need to be a sequence(but not a string) or np.ndarray.
2020-07-13 15:26:06,608 [ INFO   ] 127.0.0.1 - - [13/Jul/2020 15:26:06] "[1m[35mPOST /algorithm/logistics/train HTTP/1.1[0m" 500 -
2020-07-13 15:26:54,614 [ INFO   ] {'isTrain': 'True', 'tableName': 'buy_computer_new', 'X': ['å¹´é¾„', 'æ”¶å…¥å±‚æ¬¡', 'æ˜¯å¦å•èº«', 'ä¿¡ç”¨ç­‰çº§'], 'Y': ['æ˜¯å¦è´­ä¹°ç”µè„‘'], 'rate': '0.3', 'randomState': '2020', 'cv': '3', 'param': {'penalty': 'l2', 'C': '2', 'solver': 'saga', 'max_iter': '1000'}}
2020-07-13 15:26:54,614 [ INFO   ] receive request :{'isTrain': 'True', 'tableName': 'buy_computer_new', 'X': ['å¹´é¾„', 'æ”¶å…¥å±‚æ¬¡', 'æ˜¯å¦å•èº«', 'ä¿¡ç”¨ç­‰çº§'], 'Y': ['æ˜¯å¦è´­ä¹°ç”µè„‘'], 'rate': '0.3', 'randomState': '2020', 'cv': '3', 'param': {'penalty': 'l2', 'C': '2', 'solver': 'saga', 'max_iter': '1000'}}
2020-07-13 15:26:54,969 [ INFO   ] è¾“å…¥æ•°æ®å¤§å°:14
2020-07-13 15:27:11,577 [ INFO   ] logistics_train_init...
2020-07-13 15:27:11,577 [ INFO   ] {'isTrain': 'True', 'tableName': 'buy_computer_new', 'X': ['å¹´é¾„', 'æ”¶å…¥å±‚æ¬¡', 'æ˜¯å¦å•èº«', 'ä¿¡ç”¨ç­‰çº§'], 'Y': ['æ˜¯å¦è´­ä¹°ç”µè„‘'], 'rate': '0.3', 'randomState': '2020', 'cv': '3', 'param': {'penalty': 'l2', 'C': '2', 'solver': 'saga', 'max_iter': '1000'}}
2020-07-13 15:27:11,577 [ INFO   ] receive request :{'isTrain': 'True', 'tableName': 'buy_computer_new', 'X': ['å¹´é¾„', 'æ”¶å…¥å±‚æ¬¡', 'æ˜¯å¦å•èº«', 'ä¿¡ç”¨ç­‰çº§'], 'Y': ['æ˜¯å¦è´­ä¹°ç”µè„‘'], 'rate': '0.3', 'randomState': '2020', 'cv': '3', 'param': {'penalty': 'l2', 'C': '2', 'solver': 'saga', 'max_iter': '1000'}}
2020-07-13 15:27:31,538 [ INFO   ] {'isTrain': 'True', 'tableName': 'buy_computer_new', 'X': ['å¹´é¾„', 'æ”¶å…¥å±‚æ¬¡', 'æ˜¯å¦å•èº«', 'ä¿¡ç”¨ç­‰çº§'], 'Y': ['æ˜¯å¦è´­ä¹°ç”µè„‘'], 'rate': '0.3', 'randomState': '2020', 'cv': '3', 'param': {'penalty': 'l2', 'C': '2', 'solver': 'saga', 'max_iter': '1000'}}
2020-07-13 15:27:31,538 [ INFO   ] receive request :{'isTrain': 'True', 'tableName': 'buy_computer_new', 'X': ['å¹´é¾„', 'æ”¶å…¥å±‚æ¬¡', 'æ˜¯å¦å•èº«', 'ä¿¡ç”¨ç­‰çº§'], 'Y': ['æ˜¯å¦è´­ä¹°ç”µè„‘'], 'rate': '0.3', 'randomState': '2020', 'cv': '3', 'param': {'penalty': 'l2', 'C': '2', 'solver': 'saga', 'max_iter': '1000'}}
2020-07-13 15:27:35,390 [ INFO   ] è¾“å…¥æ•°æ®å¤§å°:14
2020-07-13 15:29:20,469 [ INFO   ] decision_tree_predict_init...
2020-07-13 15:29:20,470 [ INFO   ] {'oneSample': False, 'tableName': 'buy_computer_new', 'X': ['å¹´é¾„', 'æ”¶å…¥å±‚æ¬¡', 'æ˜¯å¦å•èº«', 'ä¿¡ç”¨ç­‰çº§']}
2020-07-13 15:29:20,470 [ INFO   ] receive request :{'oneSample': False, 'tableName': 'buy_computer_new', 'X': ['å¹´é¾„', 'æ”¶å…¥å±‚æ¬¡', 'æ˜¯å¦å•èº«', 'ä¿¡ç”¨ç­‰çº§']}
2020-07-13 15:29:20,548 [ INFO   ] è¾“å…¥æ•°æ®å¤§å°:14
2020-07-13 15:29:20,551 [ INFO   ] 127.0.0.1 - - [13/Jul/2020 15:29:20] "[37mPOST /algorithm/decisionTree/predict HTTP/1.1[0m" 200 -
2020-07-13 15:30:10,170 [ INFO   ] logistics_train_init...
2020-07-13 15:30:10,170 [ INFO   ] {'isTrain': False, 'tableName': 'buy_computer_new', 'X': ['å¹´é¾„', 'æ”¶å…¥å±‚æ¬¡', 'æ˜¯å¦å•èº«', 'ä¿¡ç”¨ç­‰çº§'], 'Y': ['æ˜¯å¦è´­ä¹°ç”µè„‘'], 'rate': '0.3', 'randomState': '2020', 'cv': '3', 'param': {'penalty': 'l2', 'C': '2', 'solver': 'saga', 'max_iter': '1000'}}
2020-07-13 15:30:10,170 [ INFO   ] receive request :{'isTrain': False, 'tableName': 'buy_computer_new', 'X': ['å¹´é¾„', 'æ”¶å…¥å±‚æ¬¡', 'æ˜¯å¦å•èº«', 'ä¿¡ç”¨ç­‰çº§'], 'Y': ['æ˜¯å¦è´­ä¹°ç”µè„‘'], 'rate': '0.3', 'randomState': '2020', 'cv': '3', 'param': {'penalty': 'l2', 'C': '2', 'solver': 'saga', 'max_iter': '1000'}}
2020-07-13 15:30:10,325 [ INFO   ] è¾“å…¥æ•°æ®å¤§å°:14
2020-07-13 15:30:10,346 [ INFO   ] 127.0.0.1 - - [13/Jul/2020 15:30:10] "[37mPOST /algorithm/logistics/train HTTP/1.1[0m" 200 -
2020-07-13 15:30:28,658 [ INFO   ] logistics_train_init...
2020-07-13 15:30:28,659 [ INFO   ] {'isTrain': False, 'tableName': 'buy_computer_new', 'X': ['å¹´é¾„', 'æ”¶å…¥å±‚æ¬¡', 'æ˜¯å¦å•èº«', 'ä¿¡ç”¨ç­‰çº§'], 'Y': ['æ˜¯å¦è´­ä¹°ç”µè„‘'], 'rate': '0.3', 'randomState': '2020', 'cv': '3', 'param': {'penalty': 'l2', 'C': '2', 'solver': 'saga', 'max_iter': '1000'}}
2020-07-13 15:30:28,659 [ INFO   ] receive request :{'isTrain': False, 'tableName': 'buy_computer_new', 'X': ['å¹´é¾„', 'æ”¶å…¥å±‚æ¬¡', 'æ˜¯å¦å•èº«', 'ä¿¡ç”¨ç­‰çº§'], 'Y': ['æ˜¯å¦è´­ä¹°ç”µè„‘'], 'rate': '0.3', 'randomState': '2020', 'cv': '3', 'param': {'penalty': 'l2', 'C': '2', 'solver': 'saga', 'max_iter': '1000'}}
2020-07-13 15:30:28,774 [ INFO   ] è¾“å…¥æ•°æ®å¤§å°:14
2020-07-13 15:32:04,544 [ INFO   ] {'isTrain': False, 'tableName': 'buy_computer_new', 'X': ['å¹´é¾„', 'æ”¶å…¥å±‚æ¬¡', 'æ˜¯å¦å•èº«', 'ä¿¡ç”¨ç­‰çº§'], 'Y': ['æ˜¯å¦è´­ä¹°ç”µè„‘'], 'rate': '0.3', 'randomState': '2020', 'cv': '3', 'param': {'penalty': 'l2', 'C': '2', 'solver': 'saga', 'max_iter': '1000'}}
2020-07-13 15:32:04,544 [ INFO   ] receive request :{'isTrain': False, 'tableName': 'buy_computer_new', 'X': ['å¹´é¾„', 'æ”¶å…¥å±‚æ¬¡', 'æ˜¯å¦å•èº«', 'ä¿¡ç”¨ç­‰çº§'], 'Y': ['æ˜¯å¦è´­ä¹°ç”µè„‘'], 'rate': '0.3', 'randomState': '2020', 'cv': '3', 'param': {'penalty': 'l2', 'C': '2', 'solver': 'saga', 'max_iter': '1000'}}
2020-07-13 15:32:04,775 [ INFO   ] è¾“å…¥æ•°æ®å¤§å°:14
2020-07-13 15:32:06,796 [ INFO   ] 127.0.0.1 - - [13/Jul/2020 15:32:06] "[37mPOST /algorithm/logistics/train HTTP/1.1[0m" 200 -
2020-07-13 15:34:12,505 [ INFO   ] {'oneSample': False, 'tableName': 'buy_computer_new', 'X': ['å¹´é¾„', 'æ”¶å…¥å±‚æ¬¡', 'æ˜¯å¦å•èº«', 'ä¿¡ç”¨ç­‰çº§']}
2020-07-13 15:34:12,505 [ INFO   ] receive request :{'oneSample': False, 'tableName': 'buy_computer_new', 'X': ['å¹´é¾„', 'æ”¶å…¥å±‚æ¬¡', 'æ˜¯å¦å•èº«', 'ä¿¡ç”¨ç­‰çº§']}
2020-07-13 15:34:12,900 [ INFO   ] è¾“å…¥æ•°æ®å¤§å°:14
2020-07-13 15:34:12,902 [ INFO   ] 127.0.0.1 - - [13/Jul/2020 15:34:12] "[37mPOST /algorithm/logistics/predict HTTP/1.1[0m" 200 -
2020-07-13 15:34:50,592 [ INFO   ] logistics_predict_init...
2020-07-13 15:34:50,592 [ INFO   ] {'oneSample': True, 'tableName': 'buy_computer_new', 'X': [0, 0, 0, 0]}
2020-07-13 15:34:50,592 [ INFO   ] receive request :{'oneSample': True, 'tableName': 'buy_computer_new', 'X': [0, 0, 0, 0]}
2020-07-13 15:34:50,595 [ INFO   ] 127.0.0.1 - - [13/Jul/2020 15:34:50] "[37mPOST /algorithm/logistics/predict HTTP/1.1[0m" 200 -
2020-07-13 15:34:56,973 [ INFO   ] logistics_predict_init...
2020-07-13 15:34:56,974 [ INFO   ] {'oneSample': True, 'tableName': 'buy_computer_new', 'X': [1, 0, 0, 0]}
2020-07-13 15:34:56,974 [ INFO   ] receive request :{'oneSample': True, 'tableName': 'buy_computer_new', 'X': [1, 0, 0, 0]}
2020-07-13 15:34:56,977 [ INFO   ] 127.0.0.1 - - [13/Jul/2020 15:34:56] "[37mPOST /algorithm/logistics/predict HTTP/1.1[0m" 200 -
2020-07-13 15:35:44,933 [ INFO   ]  * Detected change in '/Users/leiliang/Downloads/yz_project/algorithm_yz/main.py', reloading
2020-07-13 16:31:26,171 [ INFO   ] {'tableName': 'buy_computer_new', 'X': ['å¹´é¾„', 'æ”¶å…¥å±‚æ¬¡', 'æ˜¯å¦å•èº«', 'ä¿¡ç”¨ç­‰çº§'], 'randomState': '2020', 'param': {'n_clusters': ['2'], 'max_ter': '1000'}}
2020-07-13 16:31:26,172 [ INFO   ] receive request :{'tableName': 'buy_computer_new', 'X': ['å¹´é¾„', 'æ”¶å…¥å±‚æ¬¡', 'æ˜¯å¦å•èº«', 'ä¿¡ç”¨ç­‰çº§'], 'randomState': '2020', 'param': {'n_clusters': ['2'], 'max_ter': '1000'}}
2020-07-13 16:31:26,509 [ INFO   ] è¾“å…¥æ•°æ®å¤§å°:14
2020-07-13 16:31:48,726 [ INFO   ] {'tableName': 'buy_computer_new', 'X': ['å¹´é¾„', 'æ”¶å…¥å±‚æ¬¡', 'æ˜¯å¦å•èº«', 'ä¿¡ç”¨ç­‰çº§'], 'randomState': '2020', 'param': {'n_clusters': ['2'], 'max_ter': '1000'}}
2020-07-13 16:31:48,727 [ INFO   ] receive request :{'tableName': 'buy_computer_new', 'X': ['å¹´é¾„', 'æ”¶å…¥å±‚æ¬¡', 'æ˜¯å¦å•èº«', 'ä¿¡ç”¨ç­‰çº§'], 'randomState': '2020', 'param': {'n_clusters': ['2'], 'max_ter': '1000'}}
2020-07-13 16:31:48,981 [ INFO   ] è¾“å…¥æ•°æ®å¤§å°:14
2020-07-13 16:32:55,127 [ INFO   ] {'tableName': 'buy_computer_new', 'X': ['å¹´é¾„', 'æ”¶å…¥å±‚æ¬¡', 'æ˜¯å¦å•èº«', 'ä¿¡ç”¨ç­‰çº§'], 'randomState': '2020', 'param': {'n_clusters': ['2'], 'max_ter': '1000'}}
2020-07-13 16:32:55,127 [ INFO   ] receive request :{'tableName': 'buy_computer_new', 'X': ['å¹´é¾„', 'æ”¶å…¥å±‚æ¬¡', 'æ˜¯å¦å•èº«', 'ä¿¡ç”¨ç­‰çº§'], 'randomState': '2020', 'param': {'n_clusters': ['2'], 'max_ter': '1000'}}
2020-07-13 16:32:55,365 [ INFO   ] è¾“å…¥æ•°æ®å¤§å°:14
2020-07-13 16:33:35,650 [ INFO   ] logistics_train_init...
2020-07-13 16:33:35,651 [ INFO   ] {'tableName': 'buy_computer_new', 'X': ['å¹´é¾„', 'æ”¶å…¥å±‚æ¬¡', 'æ˜¯å¦å•èº«', 'ä¿¡ç”¨ç­‰çº§'], 'randomState': '2020', 'param': {'n_clusters': ['2'], 'max_iter': '1000'}}
2020-07-13 16:33:35,651 [ INFO   ] receive request :{'tableName': 'buy_computer_new', 'X': ['å¹´é¾„', 'æ”¶å…¥å±‚æ¬¡', 'æ˜¯å¦å•èº«', 'ä¿¡ç”¨ç­‰çº§'], 'randomState': '2020', 'param': {'n_clusters': ['2'], 'max_iter': '1000'}}
2020-07-13 16:33:35,726 [ INFO   ] è¾“å…¥æ•°æ®å¤§å°:14
2020-07-13 16:38:06,207 [ INFO   ]  * Detected change in '/Users/leiliang/Downloads/yz_project/algorithm_yz/main.py', reloading
2020-07-13 16:40:55,455 [ INFO   ] {'tableName': 'buy_computer_new', 'X': ['å¹´é¾„', 'æ”¶å…¥å±‚æ¬¡', 'æ˜¯å¦å•èº«', 'ä¿¡ç”¨ç­‰çº§'], 'randomState': '2020', 'param': {'n_clusters': ['2'], 'max_iter': '1000'}}
2020-07-13 16:40:55,455 [ INFO   ] receive request :{'tableName': 'buy_computer_new', 'X': ['å¹´é¾„', 'æ”¶å…¥å±‚æ¬¡', 'æ˜¯å¦å•èº«', 'ä¿¡ç”¨ç­‰çº§'], 'randomState': '2020', 'param': {'n_clusters': ['2'], 'max_iter': '1000'}}
2020-07-13 16:40:56,836 [ INFO   ] è¾“å…¥æ•°æ®å¤§å°:14
2020-07-13 16:40:58,895 [ ERROR  ] 'KMeans' object has no attribute 'inertia_'
2020-07-13 16:40:58,942 [ INFO   ] 127.0.0.1 - - [13/Jul/2020 16:40:58] "[1m[35mPOST /algorithm/kMeans HTTP/1.1[0m" 500 -
2020-07-13 16:41:46,199 [ INFO   ] {'tableName': 'buy_computer_new', 'X': ['å¹´é¾„', 'æ”¶å…¥å±‚æ¬¡', 'æ˜¯å¦å•èº«', 'ä¿¡ç”¨ç­‰çº§'], 'randomState': '2020', 'param': {'n_clusters': ['2'], 'max_iter': '1000'}}
2020-07-13 16:41:46,199 [ INFO   ] receive request :{'tableName': 'buy_computer_new', 'X': ['å¹´é¾„', 'æ”¶å…¥å±‚æ¬¡', 'æ˜¯å¦å•èº«', 'ä¿¡ç”¨ç­‰çº§'], 'randomState': '2020', 'param': {'n_clusters': ['2'], 'max_iter': '1000'}}
2020-07-13 16:41:46,471 [ INFO   ] è¾“å…¥æ•°æ®å¤§å°:14
2020-07-13 16:41:48,621 [ INFO   ] 127.0.0.1 - - [13/Jul/2020 16:41:48] "[37mPOST /algorithm/kMeans HTTP/1.1[0m" 200 -
2020-07-13 16:46:24,498 [ INFO   ] {'tableName': 'buy_computer_new', 'X': ['å¹´é¾„', 'æ”¶å…¥å±‚æ¬¡', 'æ˜¯å¦å•èº«', 'ä¿¡ç”¨ç­‰çº§'], 'randomState': '2020', 'param': {'n_clusters': ['2'], 'max_iter': '1000'}}
2020-07-13 16:46:24,499 [ INFO   ] receive request :{'tableName': 'buy_computer_new', 'X': ['å¹´é¾„', 'æ”¶å…¥å±‚æ¬¡', 'æ˜¯å¦å•èº«', 'ä¿¡ç”¨ç­‰çº§'], 'randomState': '2020', 'param': {'n_clusters': ['2'], 'max_iter': '1000'}}
2020-07-13 16:46:24,804 [ INFO   ] è¾“å…¥æ•°æ®å¤§å°:14
2020-07-13 16:46:27,644 [ INFO   ] 127.0.0.1 - - [13/Jul/2020 16:46:27] "[37mPOST /algorithm/kMeans HTTP/1.1[0m" 200 -
2020-07-13 16:47:26,402 [ INFO   ]  * Detected change in '/Users/leiliang/Downloads/yz_project/algorithm_yz/main.py', reloading
2020-07-13 18:16:52,910 [ INFO   ] {'tableName': 'buy_computer_new', 'X': ['å¹´é¾„', 'æ”¶å…¥å±‚æ¬¡', 'æ˜¯å¦å•èº«', 'ä¿¡ç”¨ç­‰çº§'], 'randomState': '2020', 'param': {'n_clusters': ['2', '3'], 'max_iter': '1000'}}
2020-07-13 18:16:52,912 [ INFO   ] receive request :{'tableName': 'buy_computer_new', 'X': ['å¹´é¾„', 'æ”¶å…¥å±‚æ¬¡', 'æ˜¯å¦å•èº«', 'ä¿¡ç”¨ç­‰çº§'], 'randomState': '2020', 'param': {'n_clusters': ['2', '3'], 'max_iter': '1000'}}
2020-07-13 18:16:53,374 [ INFO   ] è¾“å…¥æ•°æ®å¤§å°:14
2020-07-13 18:16:53,441 [ INFO   ] 127.0.0.1 - - [13/Jul/2020 18:16:53] "[37mPOST /algorithm/kMeans HTTP/1.1[0m" 200 -
2020-07-13 18:19:29,273 [ INFO   ]  * Detected change in '/Users/leiliang/Downloads/yz_project/algorithm_yz/main.py', reloading
2020-07-13 21:06:34,174 [ INFO   ] {'isTrain': '', 'tableName': '', 'X': ['å¹´é¾„', 'æ”¶å…¥å±‚æ¬¡', 'æ˜¯å¦å•èº«', 'ä¿¡ç”¨ç­‰çº§'], 'Y': ['æ˜¯å¦è´­ä¹°ç”µè„‘'], 'rate': '0.3', 'randomState': '2020', 'cv': '3', 'param': {'n_estimators': [100], 'criterion': ['gini'], 'max_features': [2], 'max_depth': [5], 'min_samples_split': [2], 'min_samples_leaf': [1]}}
2020-07-13 21:06:34,174 [ INFO   ] receive request :{'isTrain': '', 'tableName': '', 'X': ['å¹´é¾„', 'æ”¶å…¥å±‚æ¬¡', 'æ˜¯å¦å•èº«', 'ä¿¡ç”¨ç­‰çº§'], 'Y': ['æ˜¯å¦è´­ä¹°ç”µè„‘'], 'rate': '0.3', 'randomState': '2020', 'cv': '3', 'param': {'n_estimators': [100], 'criterion': ['gini'], 'max_features': [2], 'max_depth': [5], 'min_samples_split': [2], 'min_samples_leaf': [1]}}
2020-07-13 21:07:21,388 [ INFO   ] random_forest_train_init...
2020-07-13 21:07:21,389 [ INFO   ] {'isTrain': '', 'tableName': 'buy_computer_new', 'X': ['å¹´é¾„', 'æ”¶å…¥å±‚æ¬¡', 'æ˜¯å¦å•èº«', 'ä¿¡ç”¨ç­‰çº§'], 'Y': ['æ˜¯å¦è´­ä¹°ç”µè„‘'], 'rate': '0.3', 'randomState': '2020', 'cv': '3', 'param': {'n_estimators': [100], 'criterion': ['gini'], 'max_features': [2], 'max_depth': [5], 'min_samples_split': [2], 'min_samples_leaf': [1]}}
2020-07-13 21:07:21,389 [ INFO   ] receive request :{'isTrain': '', 'tableName': 'buy_computer_new', 'X': ['å¹´é¾„', 'æ”¶å…¥å±‚æ¬¡', 'æ˜¯å¦å•èº«', 'ä¿¡ç”¨ç­‰çº§'], 'Y': ['æ˜¯å¦è´­ä¹°ç”µè„‘'], 'rate': '0.3', 'randomState': '2020', 'cv': '3', 'param': {'n_estimators': [100], 'criterion': ['gini'], 'max_features': [2], 'max_depth': [5], 'min_samples_split': [2], 'min_samples_leaf': [1]}}
2020-07-13 21:07:21,461 [ INFO   ] è¾“å…¥æ•°æ®å¤§å°:14
2020-07-13 21:07:33,727 [ INFO   ] random_forest_train_init...
2020-07-13 21:07:33,728 [ INFO   ] {'isTrain': True, 'tableName': 'buy_computer_new', 'X': ['å¹´é¾„', 'æ”¶å…¥å±‚æ¬¡', 'æ˜¯å¦å•èº«', 'ä¿¡ç”¨ç­‰çº§'], 'Y': ['æ˜¯å¦è´­ä¹°ç”µè„‘'], 'rate': '0.3', 'randomState': '2020', 'cv': '3', 'param': {'n_estimators': [100], 'criterion': ['gini'], 'max_features': [2], 'max_depth': [5], 'min_samples_split': [2], 'min_samples_leaf': [1]}}
2020-07-13 21:07:33,728 [ INFO   ] receive request :{'isTrain': True, 'tableName': 'buy_computer_new', 'X': ['å¹´é¾„', 'æ”¶å…¥å±‚æ¬¡', 'æ˜¯å¦å•èº«', 'ä¿¡ç”¨ç­‰çº§'], 'Y': ['æ˜¯å¦è´­ä¹°ç”µè„‘'], 'rate': '0.3', 'randomState': '2020', 'cv': '3', 'param': {'n_estimators': [100], 'criterion': ['gini'], 'max_features': [2], 'max_depth': [5], 'min_samples_split': [2], 'min_samples_leaf': [1]}}
2020-07-13 21:07:33,789 [ INFO   ] è¾“å…¥æ•°æ®å¤§å°:14
2020-07-13 21:08:57,869 [ INFO   ] ('Execution failed on sql \'select å¹´é¾„,æ”¶å…¥å±‚æ¬¡,æ˜¯å¦å•èº«,ä¿¡ç”¨ç­‰çº§,æ˜¯å¦è´­ä¹°ç”µè„‘ from ;\': (1064, "You have an error in your SQL syntax; check the manual that corresponds to your MySQL server version for the right syntax to use near \'\' at line 1")',)
2020-07-13 21:08:57,875 [ INFO   ] 127.0.0.1 - - [13/Jul/2020 21:08:57] "[37mPOST /algorithm/randomForest/train HTTP/1.1[0m" 200 -
2020-07-13 21:08:58,025 [ INFO   ] 127.0.0.1 - - [13/Jul/2020 21:08:58] "[37mPOST /algorithm/randomForest/train HTTP/1.1[0m" 200 -
2020-07-13 21:08:58,069 [ INFO   ] 127.0.0.1 - - [13/Jul/2020 21:08:58] "[1m[35mPOST /algorithm/randomForest/train HTTP/1.1[0m" 500 -
2020-07-13 21:09:41,944 [ INFO   ] random_forest_train_init...
2020-07-13 21:09:41,945 [ INFO   ] {'isTrain': True, 'tableName': 'buy_computer_new', 'X': ['å¹´é¾„', 'æ”¶å…¥å±‚æ¬¡', 'æ˜¯å¦å•èº«', 'ä¿¡ç”¨ç­‰çº§'], 'Y': ['æ˜¯å¦è´­ä¹°ç”µè„‘'], 'rate': '0.3', 'randomState': '2020', 'cv': '3', 'param': {'n_estimators': [100], 'criterion': ['gini'], 'max_features': [2], 'max_depth': [5], 'min_samples_split': [2], 'min_samples_leaf': [1]}}
2020-07-13 21:09:41,945 [ INFO   ] receive request :{'isTrain': True, 'tableName': 'buy_computer_new', 'X': ['å¹´é¾„', 'æ”¶å…¥å±‚æ¬¡', 'æ˜¯å¦å•èº«', 'ä¿¡ç”¨ç­‰çº§'], 'Y': ['æ˜¯å¦è´­ä¹°ç”µè„‘'], 'rate': '0.3', 'randomState': '2020', 'cv': '3', 'param': {'n_estimators': [100], 'criterion': ['gini'], 'max_features': [2], 'max_depth': [5], 'min_samples_split': [2], 'min_samples_leaf': [1]}}
2020-07-13 21:09:42,013 [ INFO   ] è¾“å…¥æ•°æ®å¤§å°:14
2020-07-13 21:09:42,156 [ INFO   ]  * Detected change in '/Users/leiliang/Downloads/yz_project/algorithm_yz/main.py', reloading
2020-07-13 21:10:09,390 [ INFO   ] {'isTrain': True, 'tableName': 'buy_computer_new', 'X': ['å¹´é¾„', 'æ”¶å…¥å±‚æ¬¡', 'æ˜¯å¦å•èº«', 'ä¿¡ç”¨ç­‰çº§'], 'Y': ['æ˜¯å¦è´­ä¹°ç”µè„‘'], 'rate': '0.3', 'randomState': '2020', 'cv': '3', 'param': {'n_estimators': [100], 'criterion': ['gini'], 'max_features': [2], 'max_depth': [5], 'min_samples_split': [2], 'min_samples_leaf': [1]}}
2020-07-13 21:10:09,390 [ INFO   ] receive request :{'isTrain': True, 'tableName': 'buy_computer_new', 'X': ['å¹´é¾„', 'æ”¶å…¥å±‚æ¬¡', 'æ˜¯å¦å•èº«', 'ä¿¡ç”¨ç­‰çº§'], 'Y': ['æ˜¯å¦è´­ä¹°ç”µè„‘'], 'rate': '0.3', 'randomState': '2020', 'cv': '3', 'param': {'n_estimators': [100], 'criterion': ['gini'], 'max_features': [2], 'max_depth': [5], 'min_samples_split': [2], 'min_samples_leaf': [1]}}
2020-07-13 21:10:09,628 [ INFO   ] è¾“å…¥æ•°æ®å¤§å°:14
2020-07-13 21:10:11,018 [ INFO   ] 127.0.0.1 - - [13/Jul/2020 21:10:11] "[37mPOST /algorithm/randomForest/train HTTP/1.1[0m" 200 -
2020-07-13 21:10:45,472 [ INFO   ] random_forest_train_init...
2020-07-13 21:10:45,473 [ INFO   ] {'isTrain': False, 'tableName': 'buy_computer_new', 'X': ['å¹´é¾„', 'æ”¶å…¥å±‚æ¬¡', 'æ˜¯å¦å•èº«', 'ä¿¡ç”¨ç­‰çº§'], 'Y': ['æ˜¯å¦è´­ä¹°ç”µè„‘'], 'rate': '0.3', 'randomState': '2020', 'cv': '3', 'param': {'n_estimators': [100], 'criterion': ['gini'], 'max_features': [2], 'max_depth': [5], 'min_samples_split': [2], 'min_samples_leaf': [1]}}
2020-07-13 21:10:45,473 [ INFO   ] receive request :{'isTrain': False, 'tableName': 'buy_computer_new', 'X': ['å¹´é¾„', 'æ”¶å…¥å±‚æ¬¡', 'æ˜¯å¦å•èº«', 'ä¿¡ç”¨ç­‰çº§'], 'Y': ['æ˜¯å¦è´­ä¹°ç”µè„‘'], 'rate': '0.3', 'randomState': '2020', 'cv': '3', 'param': {'n_estimators': [100], 'criterion': ['gini'], 'max_features': [2], 'max_depth': [5], 'min_samples_split': [2], 'min_samples_leaf': [1]}}
2020-07-13 21:10:45,537 [ INFO   ] è¾“å…¥æ•°æ®å¤§å°:14
2020-07-13 21:10:45,662 [ INFO   ] 127.0.0.1 - - [13/Jul/2020 21:10:45] "[37mPOST /algorithm/randomForest/train HTTP/1.1[0m" 200 -
2020-07-13 21:14:33,965 [ INFO   ] {'oneSample': False, 'tableName': 'buy_computer_new', 'X': ['å¹´é¾„', 'æ”¶å…¥å±‚æ¬¡', 'æ˜¯å¦å•èº«', 'ä¿¡ç”¨ç­‰çº§']}
2020-07-13 21:14:33,965 [ INFO   ] receive request :{'oneSample': False, 'tableName': 'buy_computer_new', 'X': ['å¹´é¾„', 'æ”¶å…¥å±‚æ¬¡', 'æ˜¯å¦å•èº«', 'ä¿¡ç”¨ç­‰çº§']}
2020-07-13 21:14:34,286 [ INFO   ] è¾“å…¥æ•°æ®å¤§å°:14
2020-07-13 21:14:34,310 [ INFO   ] 127.0.0.1 - - [13/Jul/2020 21:14:34] "[37mPOST /algorithm/randomForest/predict HTTP/1.1[0m" 200 -
2020-07-13 21:14:58,551 [ INFO   ] decision_tree_predict_init...
2020-07-13 21:14:58,551 [ INFO   ] {'oneSample': True, 'tableName': 'buy_computer_new', 'X': [0, 0, 0, 0]}
2020-07-13 21:14:58,551 [ INFO   ] receive request :{'oneSample': True, 'tableName': 'buy_computer_new', 'X': [0, 0, 0, 0]}
2020-07-13 21:14:58,555 [ INFO   ] 127.0.0.1 - - [13/Jul/2020 21:14:58] "[37mPOST /algorithm/decisionTree/predict HTTP/1.1[0m" 200 -
